1610995069153	mozrunner::runner	INFO	Running command: "/usr/bin/firefox" "-marionette" "-foreground" "-no-remote" "-profile" "/tmp/rust_mozprofile.Yqc7fk6Z8GL5"
console.warn: SearchSettings: "get: No settings file exists, new profile?" (new Error("", "(unknown module)"))
1610995082535	Marionette	INFO	Listening on port 38425
1610995082841	Marionette	WARN	TLS certificate errors will be ignored for this session
1610995088421	Marionette	WARN	Ignoring event 'DOMContentLoaded' because document has an invalid readyState of 'complete'.
[Child 4781, MediaDecoderStateMachine #1] WARNING: Decoder=7f244e24b400 state=DECODING_METADATA Decode metadata failed, shutting down decoder: file /build/firefox-3wnhso/firefox-84.0.2+build1/dom/media/MediaDecoderStateMachine.cpp:376
[Child 4781, MediaDecoderStateMachine #1] WARNING: Decoder=7f244e24b400 Decode error: NS_ERROR_DOM_MEDIA_METADATA_ERR (0x806e0006): file /build/firefox-3wnhso/firefox-84.0.2+build1/dom/media/MediaDecoderStateMachine.cpp:3471
[Child 4781, MediaDecoderStateMachine #1] WARNING: Decoder=7f244e24d400 state=DECODING_METADATA Decode metadata failed, shutting down decoder: file /build/firefox-3wnhso/firefox-84.0.2+build1/dom/media/MediaDecoderStateMachine.cpp:376
[Child 4781, MediaDecoderStateMachine #1] WARNING: Decoder=7f244e24d400 Decode error: NS_ERROR_DOM_MEDIA_METADATA_ERR (0x806e0006): file /build/firefox-3wnhso/firefox-84.0.2+build1/dom/media/MediaDecoderStateMachine.cpp:3471
[Child 4781, MediaDecoderStateMachine #1] WARNING: Decoder=7f244e24e800 state=DECODING_METADATA Decode metadata failed, shutting down decoder: file /build/firefox-3wnhso/firefox-84.0.2+build1/dom/media/MediaDecoderStateMachine.cpp:376
[Child 4781, MediaDecoderStateMachine #1] WARNING: Decoder=7f244e24e800 Decode error: NS_ERROR_DOM_MEDIA_METADATA_ERR (0x806e0006): file /build/firefox-3wnhso/firefox-84.0.2+build1/dom/media/MediaDecoderStateMachine.cpp:3471
[Child 4781, MediaDecoderStateMachine #1] WARNING: Decoder=7f244f82c400 state=DECODING_METADATA Decode metadata failed, shutting down decoder: file /build/firefox-3wnhso/firefox-84.0.2+build1/dom/media/MediaDecoderStateMachine.cpp:376
[Child 4781, MediaDecoderStateMachine #1] WARNING: Decoder=7f244f82c400 Decode error: NS_ERROR_DOM_MEDIA_METADATA_ERR (0x806e0006): file /build/firefox-3wnhso/firefox-84.0.2+build1/dom/media/MediaDecoderStateMachine.cpp:3471
[Child 4781, MediaDecoderStateMachine #1] WARNING: Decoder=7f244f6a8c00 state=DECODING_METADATA Decode metadata failed, shutting down decoder: file /build/firefox-3wnhso/firefox-84.0.2+build1/dom/media/MediaDecoderStateMachine.cpp:376
[Child 4781, MediaDecoderStateMachine #1] WARNING: Decoder=7f244f6a8c00 Decode error: NS_ERROR_DOM_MEDIA_METADATA_ERR (0x806e0006): file /build/firefox-3wnhso/firefox-84.0.2+build1/dom/media/MediaDecoderStateMachine.cpp:3471
1610995110944	Marionette	INFO	Stopped listening on port 38425
JavaScript error: resource://activity-stream/lib/ASRouter.jsm, line 987: NS_ERROR_ILLEGAL_VALUE: Component returned failure code: 0x80070057 (NS_ERROR_ILLEGAL_VALUE) [nsIObserverService.removeObserver]
1610995115100	mozrunner::runner	INFO	Running command: "/usr/bin/firefox" "-marionette" "-foreground" "-no-remote" "-profile" "/tmp/rust_mozprofile.VvlnhFe1ywJL"
console.warn: SearchSettings: "get: No settings file exists, new profile?" (new Error("", "(unknown module)"))
1610995123939	Marionette	INFO	Listening on port 43579
1610995124063	Marionette	WARN	TLS certificate errors will be ignored for this session
1610995128703	Marionette	WARN	Ignoring event 'DOMContentLoaded' because document has an invalid readyState of 'complete'.
[Child 5314, MediaDecoderStateMachine #1] WARNING: Decoder=7fe727e8ec00 state=DECODING_METADATA Decode metadata failed, shutting down decoder: file /build/firefox-3wnhso/firefox-84.0.2+build1/dom/media/MediaDecoderStateMachine.cpp:376
[Child 5314, MediaDecoderStateMachine #1] WARNING: Decoder=7fe727e8ec00 Decode error: NS_ERROR_DOM_MEDIA_METADATA_ERR (0x806e0006): file /build/firefox-3wnhso/firefox-84.0.2+build1/dom/media/MediaDecoderStateMachine.cpp:3471
[Child 5314, MediaDecoderStateMachine #1] WARNING: Decoder=7fe727e90c00 state=DECODING_METADATA Decode metadata failed, shutting down decoder: file /build/firefox-3wnhso/firefox-84.0.2+build1/dom/media/MediaDecoderStateMachine.cpp:376
[Child 5314, MediaDecoderStateMachine #1] WARNING: Decoder=7fe727e90c00 Decode error: NS_ERROR_DOM_MEDIA_METADATA_ERR (0x806e0006): file /build/firefox-3wnhso/firefox-84.0.2+build1/dom/media/MediaDecoderStateMachine.cpp:3471
[Child 5314, MediaDecoderStateMachine #1] WARNING: Decoder=7fe7305a8800 state=DECODING_METADATA Decode metadata failed, shutting down decoder: file /build/firefox-3wnhso/firefox-84.0.2+build1/dom/media/MediaDecoderStateMachine.cpp:376
[Child 5314, MediaDecoderStateMachine #1] WARNING: Decoder=7fe7305a8800 Decode error: NS_ERROR_DOM_MEDIA_METADATA_ERR (0x806e0006): file /build/firefox-3wnhso/firefox-84.0.2+build1/dom/media/MediaDecoderStateMachine.cpp:3471
[Child 5314, MediaDecoderStateMachine #1] WARNING: Decoder=7fe727e91400 state=DECODING_METADATA Decode metadata failed, shutting down decoder: file /build/firefox-3wnhso/firefox-84.0.2+build1/dom/media/MediaDecoderStateMachine.cpp:376
[Child 5314, MediaDecoderStateMachine #1] WARNING: Decoder=7fe727e91400 Decode error: NS_ERROR_DOM_MEDIA_METADATA_ERR (0x806e0006): file /build/firefox-3wnhso/firefox-84.0.2+build1/dom/media/MediaDecoderStateMachine.cpp:3471
[Child 5314, MediaDecoderStateMachine #1] WARNING: Decoder=7fe727e8cc00 state=DECODING_METADATA Decode metadata failed, shutting down decoder: file /build/firefox-3wnhso/firefox-84.0.2+build1/dom/media/MediaDecoderStateMachine.cpp:376
[Child 5314, MediaDecoderStateMachine #1] WARNING: Decoder=7fe727e8cc00 Decode error: NS_ERROR_DOM_MEDIA_METADATA_ERR (0x806e0006): file /build/firefox-3wnhso/firefox-84.0.2+build1/dom/media/MediaDecoderStateMachine.cpp:3471
1610995139991	Marionette	INFO	Stopped listening on port 43579
JavaScript error: resource://activity-stream/lib/ASRouter.jsm, line 987: NS_ERROR_ILLEGAL_VALUE: Component returned failure code: 0x80070057 (NS_ERROR_ILLEGAL_VALUE) [nsIObserverService.removeObserver]
IPDL protocol error: Handler returned error code!

###!!! [Parent][DispatchAsyncMessage] Error: PLayerTransaction::Msg_ReleaseLayer Processing error: message was deserialized, but the handler returned false (indicating failure)

IPDL protocol error: Handler returned error code!

###!!! [Parent][DispatchAsyncMessage] Error: PLayerTransaction::Msg_ReleaseLayer Processing error: message was deserialized, but the handler returned false (indicating failure)

IPDL protocol error: Handler returned error code!

###!!! [Parent][DispatchAsyncMessage] Error: PLayerTransaction::Msg_ReleaseLayer Processing error: message was deserialized, but the handler returned false (indicating failure)

IPDL protocol error: Handler returned error code!

###!!! [Parent][DispatchAsyncMessage] Error: PLayerTransaction::Msg_ReleaseLayer Processing error: message was deserialized, but the handler returned false (indicating failure)

IPDL protocol error: Handler returned error code!

###!!! [Parent][DispatchAsyncMessage] Error: PLayerTransaction::Msg_ReleaseLayer Processing error: message was deserialized, but the handler returned false (indicating failure)

IPDL protocol error: Handler returned error code!

###!!! [Parent][DispatchAsyncMessage] Error: PLayerTransaction::Msg_ReleaseLayer Processing error: message was deserialized, but the handler returned false (indicating failure)

IPDL protocol error: Handler returned error code!

###!!! [Parent][DispatchAsyncMessage] Error: PLayerTransaction::Msg_ReleaseLayer Processing error: message was deserialized, but the handler returned false (indicating failure)

IPDL protocol error: Handler returned error code!

###!!! [Parent][DispatchAsyncMessage] Error: PLayerTransaction::Msg_ReleaseLayer Processing error: message was deserialized, but the handler returned false (indicating failure)

IPDL protocol error: Handler returned error code!

###!!! [Parent][DispatchAsyncMessage] Error: PLayerTransaction::Msg_ReleaseLayer Processing error: message was deserialized, but the handler returned false (indicating failure)


###!!! [Child][RunMessage] Error: Channel closing: too late to send/recv, messages will be lost


###!!! [Child][RunMessage] Error: Channel closing: too late to send/recv, messages will be lost


###!!! [Child][RunMessage] Error: Channel closing: too late to send/recv, messages will be lost


###!!! [Child][RunMessage] Error: Channel closing: too late to send/recv, messages will be lost


###!!! [Child][RunMessage] Error: Channel closing: too late to send/recv, messages will be lost


###!!! [Child][RunMessage] Error: Channel closing: too late to send/recv, messages will be lost


###!!! [Child][MessageChannel] Error: (msgtype=0x3A0144,name=PContent::Msg_ScriptError) Channel closing: too late to send/recv, messages will be lost


###!!! [Child][RunMessage] Error: Channel closing: too late to send/recv, messages will be lost


###!!! [Child][RunMessage] Error: Channel closing: too late to send/recv, messages will be lost


###!!! [Child][RunMessage] Error: Channel closing: too late to send/recv, messages will be lost


###!!! [Child][MessageChannel] Error: (msgtype=0x3A0144,name=PContent::Msg_ScriptError) Channel closing: too late to send/recv, messages will be lost


###!!! [Child][MessageChannel] Error: (msgtype=0xB60006,name=PWebSocket::Msg_DeleteSelf) Channel closing: too late to send/recv, messages will be lost

1610995143642	mozrunner::runner	INFO	Running command: "/usr/bin/firefox" "-marionette" "-foreground" "-no-remote" "-profile" "/tmp/rust_mozprofile.iTE3nfagI9vx"
console.warn: SearchSettings: "get: No settings file exists, new profile?" (new Error("", "(unknown module)"))
1610995157351	Marionette	INFO	Listening on port 44375
1610995157491	Marionette	WARN	TLS certificate errors will be ignored for this session
1610995161964	Marionette	WARN	Ignoring event 'DOMContentLoaded' because document has an invalid readyState of 'complete'.
[Child 5766, MediaDecoderStateMachine #1] WARNING: Decoder=7f8810864000 state=DECODING_METADATA Decode metadata failed, shutting down decoder: file /build/firefox-3wnhso/firefox-84.0.2+build1/dom/media/MediaDecoderStateMachine.cpp:376
[Child 5766, MediaDecoderStateMachine #1] WARNING: Decoder=7f8810864000 Decode error: NS_ERROR_DOM_MEDIA_METADATA_ERR (0x806e0006): file /build/firefox-3wnhso/firefox-84.0.2+build1/dom/media/MediaDecoderStateMachine.cpp:3471
[Child 5766, MediaDecoderStateMachine #1] WARNING: Decoder=7f8810d2dc00 state=DECODING_METADATA Decode metadata failed, shutting down decoder: file /build/firefox-3wnhso/firefox-84.0.2+build1/dom/media/MediaDecoderStateMachine.cpp:376
[Child 5766, MediaDecoderStateMachine #1] WARNING: Decoder=7f8810d2dc00 Decode error: NS_ERROR_DOM_MEDIA_METADATA_ERR (0x806e0006): file /build/firefox-3wnhso/firefox-84.0.2+build1/dom/media/MediaDecoderStateMachine.cpp:3471
1610995185553	Marionette	WARN	TimedPromise timed out after 500 ms: stacktrace:
TimedPromise/<@chrome://marionette/content/sync.js:235:19
TimedPromise@chrome://marionette/content/sync.js:220:10
interaction.flushEventLoop@chrome://marionette/content/interaction.js:418:10
webdriverClickElement@chrome://marionette/content/interaction.js:179:31
1610995185768	Marionette	INFO	Stopped listening on port 44375
JavaScript error: resource://activity-stream/lib/ASRouter.jsm, line 987: NS_ERROR_ILLEGAL_VALUE: Component returned failure code: 0x80070057 (NS_ERROR_ILLEGAL_VALUE) [nsIObserverService.removeObserver]
1610995188675	mozrunner::runner	INFO	Running command: "/usr/bin/firefox" "-marionette" "-foreground" "-no-remote" "-profile" "/tmp/rust_mozprofile.EcUath0R2hAj"
console.warn: SearchSettings: "get: No settings file exists, new profile?" (new Error("", "(unknown module)"))
1610995198895	Marionette	INFO	Listening on port 34159
1610995198958	Marionette	WARN	TLS certificate errors will be ignored for this session
1610995203736	Marionette	WARN	Ignoring event 'DOMContentLoaded' because document has an invalid readyState of 'complete'.
[Child 6163, MediaDecoderStateMachine #1] WARNING: Decoder=7f81aa796800 state=DECODING_METADATA Decode metadata failed, shutting down decoder: file /build/firefox-3wnhso/firefox-84.0.2+build1/dom/media/MediaDecoderStateMachine.cpp:376
[Child 6163, MediaDecoderStateMachine #1] WARNING: Decoder=7f81aa796800 Decode error: NS_ERROR_DOM_MEDIA_METADATA_ERR (0x806e0006): file /build/firefox-3wnhso/firefox-84.0.2+build1/dom/media/MediaDecoderStateMachine.cpp:3471
1610995224274	Marionette	INFO	Stopped listening on port 34159
JavaScript error: resource://activity-stream/lib/ASRouter.jsm, line 987: NS_ERROR_ILLEGAL_VALUE: Component returned failure code: 0x80070057 (NS_ERROR_ILLEGAL_VALUE) [nsIObserverService.removeObserver]
1610995227489	mozrunner::runner	INFO	Running command: "/usr/bin/firefox" "-marionette" "-foreground" "-no-remote" "-profile" "/tmp/rust_mozprofile.whekYD8XNaym"
console.warn: SearchSettings: "get: No settings file exists, new profile?" (new Error("", "(unknown module)"))
1610995237000	Marionette	INFO	Listening on port 35909
1610995237060	Marionette	WARN	TLS certificate errors will be ignored for this session
1610995241594	Marionette	WARN	Ignoring event 'DOMContentLoaded' because document has an invalid readyState of 'complete'.
[Child 6517, MediaDecoderStateMachine #1] WARNING: Decoder=7f68e1db7c00 state=DECODING_METADATA Decode metadata failed, shutting down decoder: file /build/firefox-3wnhso/firefox-84.0.2+build1/dom/media/MediaDecoderStateMachine.cpp:376
[Child 6517, MediaDecoderStateMachine #1] WARNING: Decoder=7f68e1db7c00 Decode error: NS_ERROR_DOM_MEDIA_METADATA_ERR (0x806e0006): file /build/firefox-3wnhso/firefox-84.0.2+build1/dom/media/MediaDecoderStateMachine.cpp:3471
[Child 6517, MediaDecoderStateMachine #1] WARNING: Decoder=7f68eb05b400 state=DECODING_METADATA Decode metadata failed, shutting down decoder: file /build/firefox-3wnhso/firefox-84.0.2+build1/dom/media/MediaDecoderStateMachine.cpp:376
[Child 6517, MediaDecoderStateMachine #1] WARNING: Decoder=7f68eb05b400 Decode error: NS_ERROR_DOM_MEDIA_METADATA_ERR (0x806e0006): file /build/firefox-3wnhso/firefox-84.0.2+build1/dom/media/MediaDecoderStateMachine.cpp:3471
1610995259905	Marionette	INFO	Stopped listening on port 35909
JavaScript error: resource://activity-stream/lib/ASRouter.jsm, line 987: NS_ERROR_ILLEGAL_VALUE: Component returned failure code: 0x80070057 (NS_ERROR_ILLEGAL_VALUE) [nsIObserverService.removeObserver]
1610997210046	mozrunner::runner	INFO	Running command: "/usr/bin/firefox" "-marionette" "-foreground" "-no-remote" "-profile" "/tmp/rust_mozprofile.VsD4lJNEN1I2"
console.warn: SearchSettings: "get: No settings file exists, new profile?" (new Error("", "(unknown module)"))
1610997217740	Marionette	INFO	Listening on port 45053
1610997217799	Marionette	WARN	TLS certificate errors will be ignored for this session
1610997223375	Marionette	WARN	Ignoring event 'DOMContentLoaded' because document has an invalid readyState of 'complete'.
[Child 7924, MediaDecoderStateMachine #1] WARNING: Decoder=7f631846b800 state=DECODING_METADATA Decode metadata failed, shutting down decoder: file /build/firefox-3wnhso/firefox-84.0.2+build1/dom/media/MediaDecoderStateMachine.cpp:376
[Child 7924, MediaDecoderStateMachine #1] WARNING: Decoder=7f631846b800 Decode error: NS_ERROR_DOM_MEDIA_METADATA_ERR (0x806e0006): file /build/firefox-3wnhso/firefox-84.0.2+build1/dom/media/MediaDecoderStateMachine.cpp:3471
[Child 7924, MediaDecoderStateMachine #1] WARNING: Decoder=7f631846c800 state=DECODING_METADATA Decode metadata failed, shutting down decoder: file /build/firefox-3wnhso/firefox-84.0.2+build1/dom/media/MediaDecoderStateMachine.cpp:376
[Child 7924, MediaDecoderStateMachine #1] WARNING: Decoder=7f631846c800 Decode error: NS_ERROR_DOM_MEDIA_METADATA_ERR (0x806e0006): file /build/firefox-3wnhso/firefox-84.0.2+build1/dom/media/MediaDecoderStateMachine.cpp:3471
[Child 7924, MediaDecoderStateMachine #1] WARNING: Decoder=7f6318702400 state=DECODING_METADATA Decode metadata failed, shutting down decoder: file /build/firefox-3wnhso/firefox-84.0.2+build1/dom/media/MediaDecoderStateMachine.cpp:376
[Child 7924, MediaDecoderStateMachine #1] WARNING: Decoder=7f6318702400 Decode error: NS_ERROR_DOM_MEDIA_METADATA_ERR (0x806e0006): file /build/firefox-3wnhso/firefox-84.0.2+build1/dom/media/MediaDecoderStateMachine.cpp:3471
[Child 7924, MediaDecoderStateMachine #1] WARNING: Decoder=7f63195be800 state=DECODING_METADATA Decode metadata failed, shutting down decoder: file /build/firefox-3wnhso/firefox-84.0.2+build1/dom/media/MediaDecoderStateMachine.cpp:376
[Child 7924, MediaDecoderStateMachine #1] WARNING: Decoder=7f63195be800 Decode error: NS_ERROR_DOM_MEDIA_METADATA_ERR (0x806e0006): file /build/firefox-3wnhso/firefox-84.0.2+build1/dom/media/MediaDecoderStateMachine.cpp:3471
[Child 7924, MediaDecoderStateMachine #1] WARNING: Decoder=7f6318711400 state=DECODING_METADATA Decode metadata failed, shutting down decoder: file /build/firefox-3wnhso/firefox-84.0.2+build1/dom/media/MediaDecoderStateMachine.cpp:376
[Child 7924, MediaDecoderStateMachine #1] WARNING: Decoder=7f6318711400 Decode error: NS_ERROR_DOM_MEDIA_METADATA_ERR (0x806e0006): file /build/firefox-3wnhso/firefox-84.0.2+build1/dom/media/MediaDecoderStateMachine.cpp:3471
Exiting due to channel error.
Exiting due to channel error.
Exiting due to channel error.
1610997285844	mozrunner::runner	INFO	Running command: "/usr/bin/firefox" "-marionette" "-foreground" "-no-remote" "-profile" "/tmp/rust_mozprofile.9Nypoav7DeSh"
console.warn: SearchSettings: "get: No settings file exists, new profile?" (new Error("", "(unknown module)"))
1610997292427	Marionette	INFO	Listening on port 41019
1610997292499	Marionette	WARN	TLS certificate errors will be ignored for this session
1610997296913	Marionette	WARN	Ignoring event 'DOMContentLoaded' because document has an invalid readyState of 'complete'.
[Child 8247, MediaDecoderStateMachine #1] WARNING: Decoder=7f90ddb9e400 state=DECODING_METADATA Decode metadata failed, shutting down decoder: file /build/firefox-3wnhso/firefox-84.0.2+build1/dom/media/MediaDecoderStateMachine.cpp:376
[Child 8247, MediaDecoderStateMachine #1] WARNING: Decoder=7f90ddb9e400 Decode error: NS_ERROR_DOM_MEDIA_METADATA_ERR (0x806e0006): file /build/firefox-3wnhso/firefox-84.0.2+build1/dom/media/MediaDecoderStateMachine.cpp:3471
[Child 8247, MediaDecoderStateMachine #1] WARNING: Decoder=7f90ddb9dc00 state=DECODING_METADATA Decode metadata failed, shutting down decoder: file /build/firefox-3wnhso/firefox-84.0.2+build1/dom/media/MediaDecoderStateMachine.cpp:376
[Child 8247, MediaDecoderStateMachine #1] WARNING: Decoder=7f90ddb9dc00 Decode error: NS_ERROR_DOM_MEDIA_METADATA_ERR (0x806e0006): file /build/firefox-3wnhso/firefox-84.0.2+build1/dom/media/MediaDecoderStateMachine.cpp:3471
[Child 8247, MediaDecoderStateMachine #1] WARNING: Decoder=7f90d54bcc00 state=DECODING_METADATA Decode metadata failed, shutting down decoder: file /build/firefox-3wnhso/firefox-84.0.2+build1/dom/media/MediaDecoderStateMachine.cpp:376
[Child 8247, MediaDecoderStateMachine #1] WARNING: Decoder=7f90d54bcc00 Decode error: NS_ERROR_DOM_MEDIA_METADATA_ERR (0x806e0006): file /build/firefox-3wnhso/firefox-84.0.2+build1/dom/media/MediaDecoderStateMachine.cpp:3471
[Child 8247, MediaDecoderStateMachine #1] WARNING: Decoder=7f90ddba0000 state=DECODING_METADATA Decode metadata failed, shutting down decoder: file /build/firefox-3wnhso/firefox-84.0.2+build1/dom/media/MediaDecoderStateMachine.cpp:376
[Child 8247, MediaDecoderStateMachine #1] WARNING: Decoder=7f90ddba0000 Decode error: NS_ERROR_DOM_MEDIA_METADATA_ERR (0x806e0006): file /build/firefox-3wnhso/firefox-84.0.2+build1/dom/media/MediaDecoderStateMachine.cpp:3471
[Child 8247, MediaDecoderStateMachine #1] WARNING: Decoder=7f90ddb9a000 state=DECODING_METADATA Decode metadata failed, shutting down decoder: file /build/firefox-3wnhso/firefox-84.0.2+build1/dom/media/MediaDecoderStateMachine.cpp:376
[Child 8247, MediaDecoderStateMachine #1] WARNING: Decoder=7f90ddb9a000 Decode error: NS_ERROR_DOM_MEDIA_METADATA_ERR (0x806e0006): file /build/firefox-3wnhso/firefox-84.0.2+build1/dom/media/MediaDecoderStateMachine.cpp:3471
1610997312355	Marionette	WARN	TimedPromise timed out after 500 ms: stacktrace:
TimedPromise/<@chrome://marionette/content/sync.js:235:19
TimedPromise@chrome://marionette/content/sync.js:220:10
interaction.flushEventLoop@chrome://marionette/content/interaction.js:418:10
webdriverClickElement@chrome://marionette/content/interaction.js:179:31
1610997312640	Marionette	INFO	Stopped listening on port 41019
JavaScript error: resource://activity-stream/lib/ASRouter.jsm, line 987: NS_ERROR_ILLEGAL_VALUE: Component returned failure code: 0x80070057 (NS_ERROR_ILLEGAL_VALUE) [nsIObserverService.removeObserver]

###!!! [Child][RunMessage] Error: Channel closing: too late to send/recv, messages will be lost

1610997488904	mozrunner::runner	INFO	Running command: "/usr/bin/firefox" "-marionette" "-foreground" "-no-remote" "-profile" "/tmp/rust_mozprofile.XUxPgeZ3JNI0"
console.warn: SearchSettings: "get: No settings file exists, new profile?" (new Error("", "(unknown module)"))
1610997495946	Marionette	INFO	Listening on port 34977
1610997496061	Marionette	WARN	TLS certificate errors will be ignored for this session
1610997500306	Marionette	WARN	Ignoring event 'DOMContentLoaded' because document has an invalid readyState of 'complete'.
[Child 8625, MediaDecoderStateMachine #1] WARNING: Decoder=7f801f75a800 state=DECODING_METADATA Decode metadata failed, shutting down decoder: file /build/firefox-3wnhso/firefox-84.0.2+build1/dom/media/MediaDecoderStateMachine.cpp:376
[Child 8625, MediaDecoderStateMachine #1] WARNING: Decoder=7f801f75a800 Decode error: NS_ERROR_DOM_MEDIA_METADATA_ERR (0x806e0006): file /build/firefox-3wnhso/firefox-84.0.2+build1/dom/media/MediaDecoderStateMachine.cpp:3471
[Child 8625, MediaDecoderStateMachine #1] WARNING: Decoder=7f8019d53800 state=DECODING_METADATA Decode metadata failed, shutting down decoder: file /build/firefox-3wnhso/firefox-84.0.2+build1/dom/media/MediaDecoderStateMachine.cpp:376
[Child 8625, MediaDecoderStateMachine #1] WARNING: Decoder=7f8019d53800 Decode error: NS_ERROR_DOM_MEDIA_METADATA_ERR (0x806e0006): file /build/firefox-3wnhso/firefox-84.0.2+build1/dom/media/MediaDecoderStateMachine.cpp:3471
[Child 8625, MediaDecoderStateMachine #1] WARNING: Decoder=7f8019d53000 state=DECODING_METADATA Decode metadata failed, shutting down decoder: file /build/firefox-3wnhso/firefox-84.0.2+build1/dom/media/MediaDecoderStateMachine.cpp:376
[Child 8625, MediaDecoderStateMachine #1] WARNING: Decoder=7f8019d53000 Decode error: NS_ERROR_DOM_MEDIA_METADATA_ERR (0x806e0006): file /build/firefox-3wnhso/firefox-84.0.2+build1/dom/media/MediaDecoderStateMachine.cpp:3471
1610997513924	Marionette	WARN	TimedPromise timed out after 500 ms: stacktrace:
TimedPromise/<@chrome://marionette/content/sync.js:235:19
TimedPromise@chrome://marionette/content/sync.js:220:10
interaction.flushEventLoop@chrome://marionette/content/interaction.js:418:10
webdriverClickElement@chrome://marionette/content/interaction.js:179:31
1610997514297	Marionette	INFO	Stopped listening on port 34977
JavaScript error: resource://activity-stream/lib/ASRouter.jsm, line 987: NS_ERROR_ILLEGAL_VALUE: Component returned failure code: 0x80070057 (NS_ERROR_ILLEGAL_VALUE) [nsIObserverService.removeObserver]
1610997660985	mozrunner::runner	INFO	Running command: "/usr/bin/firefox" "-marionette" "-foreground" "-no-remote" "-profile" "/tmp/rust_mozprofile.Hn09RgECueHs"
console.warn: SearchSettings: "get: No settings file exists, new profile?" (new Error("", "(unknown module)"))
1610997666985	Marionette	INFO	Listening on port 40101
1610997667033	Marionette	WARN	TLS certificate errors will be ignored for this session
1610997671550	Marionette	WARN	Ignoring event 'DOMContentLoaded' because document has an invalid readyState of 'complete'.
[Child 8987, MediaDecoderStateMachine #1] WARNING: Decoder=7f61f8c6e400 state=DECODING_METADATA Decode metadata failed, shutting down decoder: file /build/firefox-3wnhso/firefox-84.0.2+build1/dom/media/MediaDecoderStateMachine.cpp:376
[Child 8987, MediaDecoderStateMachine #1] WARNING: Decoder=7f61f8c6e400 Decode error: NS_ERROR_DOM_MEDIA_METADATA_ERR (0x806e0006): file /build/firefox-3wnhso/firefox-84.0.2+build1/dom/media/MediaDecoderStateMachine.cpp:3471
[Child 8987, MediaDecoderStateMachine #1] WARNING: Decoder=7f61f8c72000 state=DECODING_METADATA Decode metadata failed, shutting down decoder: file /build/firefox-3wnhso/firefox-84.0.2+build1/dom/media/MediaDecoderStateMachine.cpp:376
[Child 8987, MediaDecoderStateMachine #1] WARNING: Decoder=7f61f8c72000 Decode error: NS_ERROR_DOM_MEDIA_METADATA_ERR (0x806e0006): file /build/firefox-3wnhso/firefox-84.0.2+build1/dom/media/MediaDecoderStateMachine.cpp:3471
[Child 8987, MediaDecoderStateMachine #1] WARNING: Decoder=7f61f8c74000 state=DECODING_METADATA Decode metadata failed, shutting down decoder: file /build/firefox-3wnhso/firefox-84.0.2+build1/dom/media/MediaDecoderStateMachine.cpp:376
[Child 8987, MediaDecoderStateMachine #1] WARNING: Decoder=7f61f8c74000 Decode error: NS_ERROR_DOM_MEDIA_METADATA_ERR (0x806e0006): file /build/firefox-3wnhso/firefox-84.0.2+build1/dom/media/MediaDecoderStateMachine.cpp:3471
[Child 8987, MediaDecoderStateMachine #1] WARNING: Decoder=7f61f8c73000 state=DECODING_METADATA Decode metadata failed, shutting down decoder: file /build/firefox-3wnhso/firefox-84.0.2+build1/dom/media/MediaDecoderStateMachine.cpp:376
[Child 8987, MediaDecoderStateMachine #1] WARNING: Decoder=7f61f8c73000 Decode error: NS_ERROR_DOM_MEDIA_METADATA_ERR (0x806e0006): file /build/firefox-3wnhso/firefox-84.0.2+build1/dom/media/MediaDecoderStateMachine.cpp:3471
[Child 8987, MediaDecoderStateMachine #1] WARNING: Decoder=7f61f8c73c00 state=DECODING_METADATA Decode metadata failed, shutting down decoder: file /build/firefox-3wnhso/firefox-84.0.2+build1/dom/media/MediaDecoderStateMachine.cpp:376
[Child 8987, MediaDecoderStateMachine #1] WARNING: Decoder=7f61f8c73c00 Decode error: NS_ERROR_DOM_MEDIA_METADATA_ERR (0x806e0006): file /build/firefox-3wnhso/firefox-84.0.2+build1/dom/media/MediaDecoderStateMachine.cpp:3471
[Child 8987, MediaDecoderStateMachine #1] WARNING: Decoder=7f61f8c71800 state=DECODING_METADATA Decode metadata failed, shutting down decoder: file /build/firefox-3wnhso/firefox-84.0.2+build1/dom/media/MediaDecoderStateMachine.cpp:376
[Child 8987, MediaDecoderStateMachine #1] WARNING: Decoder=7f61f8c71800 Decode error: NS_ERROR_DOM_MEDIA_METADATA_ERR (0x806e0006): file /build/firefox-3wnhso/firefox-84.0.2+build1/dom/media/MediaDecoderStateMachine.cpp:3471
1610997686664	Marionette	WARN	TimedPromise timed out after 500 ms: stacktrace:
TimedPromise/<@chrome://marionette/content/sync.js:235:19
TimedPromise@chrome://marionette/content/sync.js:220:10
interaction.flushEventLoop@chrome://marionette/content/interaction.js:418:10
webdriverClickElement@chrome://marionette/content/interaction.js:179:31
1610997686892	Marionette	INFO	Stopped listening on port 40101
JavaScript error: resource://activity-stream/lib/ASRouter.jsm, line 987: NS_ERROR_ILLEGAL_VALUE: Component returned failure code: 0x80070057 (NS_ERROR_ILLEGAL_VALUE) [nsIObserverService.removeObserver]

###!!! [Child][RunMessage] Error: Channel closing: too late to send/recv, messages will be lost


###!!! [Child][RunMessage] Error: Channel closing: too late to send/recv, messages will be lost


###!!! [Child][RunMessage] Error: Channel closing: too late to send/recv, messages will be lost


###!!! [Child][RunMessage] Error: Channel closing: too late to send/recv, messages will be lost


###!!! [Child][RunMessage] Error: Channel closing: too late to send/recv, messages will be lost


###!!! [Child][RunMessage] Error: Channel closing: too late to send/recv, messages will be lost


###!!! [Child][RunMessage] Error: Channel closing: too late to send/recv, messages will be lost


###!!! [Child][RunMessage] Error: Channel closing: too late to send/recv, messages will be lost


###!!! [Child][RunMessage] Error: Channel closing: too late to send/recv, messages will be lost


###!!! [Child][RunMessage] Error: Channel closing: too late to send/recv, messages will be lost


###!!! [Child][RunMessage] Error: Channel closing: too late to send/recv, messages will be lost


###!!! [Child][RunMessage] Error: Channel closing: too late to send/recv, messages will be lost


###!!! [Child][RunMessage] Error: Channel closing: too late to send/recv, messages will be lost


###!!! [Child][RunMessage] Error: Channel closing: too late to send/recv, messages will be lost


###!!! [Child][RunMessage] Error: Channel closing: too late to send/recv, messages will be lost


###!!! [Child][RunMessage] Error: Channel closing: too late to send/recv, messages will be lost


###!!! [Child][RunMessage] Error: Channel closing: too late to send/recv, messages will be lost


###!!! [Child][MessageChannel] Error: (msgtype=0x3A0144,name=PContent::Msg_ScriptError) Channel closing: too late to send/recv, messages will be lost


###!!! [Child][MessageChannel] Error: (msgtype=0xB60006,name=PWebSocket::Msg_DeleteSelf) Channel closing: too late to send/recv, messages will be lost

