1610721641250	mozrunner::runner	INFO	Running command: "/usr/bin/firefox" "-marionette" "-foreground" "-no-remote" "-profile" "/tmp/rust_mozprofile.lRMn45BnQpmO"
console.warn: SearchSettings: "get: No settings file exists, new profile?" (new Error("", "(unknown module)"))
1610721652646	Marionette	INFO	Listening on port 38807
1610721652856	Marionette	WARN	TLS certificate errors will be ignored for this session
1610721657950	Marionette	WARN	Ignoring event 'DOMContentLoaded' because document has an invalid readyState of 'complete'.
[Child 78297, MediaDecoderStateMachine #1] WARNING: Decoder=7f7684fc6c00 state=DECODING_METADATA Decode metadata failed, shutting down decoder: file /build/firefox-3wnhso/firefox-84.0.2+build1/dom/media/MediaDecoderStateMachine.cpp:376
[Child 78297, MediaDecoderStateMachine #1] WARNING: Decoder=7f7684fc6c00 Decode error: NS_ERROR_DOM_MEDIA_METADATA_ERR (0x806e0006): file /build/firefox-3wnhso/firefox-84.0.2+build1/dom/media/MediaDecoderStateMachine.cpp:3471
[Child 78297, MediaDecoderStateMachine #1] WARNING: Decoder=7f7684fce000 state=DECODING_METADATA Decode metadata failed, shutting down decoder: file /build/firefox-3wnhso/firefox-84.0.2+build1/dom/media/MediaDecoderStateMachine.cpp:376
[Child 78297, MediaDecoderStateMachine #1] WARNING: Decoder=7f7684fce000 Decode error: NS_ERROR_DOM_MEDIA_METADATA_ERR (0x806e0006): file /build/firefox-3wnhso/firefox-84.0.2+build1/dom/media/MediaDecoderStateMachine.cpp:3471
[Child 78297, MediaDecoderStateMachine #1] WARNING: Decoder=7f768632ec00 state=DECODING_METADATA Decode metadata failed, shutting down decoder: file /build/firefox-3wnhso/firefox-84.0.2+build1/dom/media/MediaDecoderStateMachine.cpp:376
[Child 78297, MediaDecoderStateMachine #1] WARNING: Decoder=7f768632ec00 Decode error: NS_ERROR_DOM_MEDIA_METADATA_ERR (0x806e0006): file /build/firefox-3wnhso/firefox-84.0.2+build1/dom/media/MediaDecoderStateMachine.cpp:3471
1610721768489	Marionette	INFO	Stopped listening on port 38807
1610721803845	mozrunner::runner	INFO	Running command: "/usr/bin/firefox" "-marionette" "-foreground" "-no-remote" "-profile" "/tmp/rust_mozprofile.qgqG3mkpVGjw"
console.warn: SearchSettings: "get: No settings file exists, new profile?" (new Error("", "(unknown module)"))
1610721810797	Marionette	INFO	Listening on port 36079
1610721810932	Marionette	WARN	TLS certificate errors will be ignored for this session
1610721816135	Marionette	WARN	Ignoring event 'DOMContentLoaded' because document has an invalid readyState of 'complete'.
[Child 78659, MediaDecoderStateMachine #1] WARNING: Decoder=7f7513cd6000 state=DECODING_METADATA Decode metadata failed, shutting down decoder: file /build/firefox-3wnhso/firefox-84.0.2+build1/dom/media/MediaDecoderStateMachine.cpp:376
[Child 78659, MediaDecoderStateMachine #1] WARNING: Decoder=7f7513cd6000 Decode error: NS_ERROR_DOM_MEDIA_METADATA_ERR (0x806e0006): file /build/firefox-3wnhso/firefox-84.0.2+build1/dom/media/MediaDecoderStateMachine.cpp:3471
[Child 78659, MediaDecoderStateMachine #1] WARNING: Decoder=7f7513cd5400 state=DECODING_METADATA Decode metadata failed, shutting down decoder: file /build/firefox-3wnhso/firefox-84.0.2+build1/dom/media/MediaDecoderStateMachine.cpp:376
[Child 78659, MediaDecoderStateMachine #1] WARNING: Decoder=7f7513cd5400 Decode error: NS_ERROR_DOM_MEDIA_METADATA_ERR (0x806e0006): file /build/firefox-3wnhso/firefox-84.0.2+build1/dom/media/MediaDecoderStateMachine.cpp:3471
[Child 78659, MediaDecoderStateMachine #1] WARNING: Decoder=7f750e7f8400 state=DECODING_METADATA Decode metadata failed, shutting down decoder: file /build/firefox-3wnhso/firefox-84.0.2+build1/dom/media/MediaDecoderStateMachine.cpp:376
[Child 78659, MediaDecoderStateMachine #1] WARNING: Decoder=7f750e7f8400 Decode error: NS_ERROR_DOM_MEDIA_METADATA_ERR (0x806e0006): file /build/firefox-3wnhso/firefox-84.0.2+build1/dom/media/MediaDecoderStateMachine.cpp:3471
[Child 78659, MediaDecoderStateMachine #1] WARNING: Decoder=7f7513c7ec00 state=DECODING_METADATA Decode metadata failed, shutting down decoder: file /build/firefox-3wnhso/firefox-84.0.2+build1/dom/media/MediaDecoderStateMachine.cpp:376
[Child 78659, MediaDecoderStateMachine #1] WARNING: Decoder=7f7513c7ec00 Decode error: NS_ERROR_DOM_MEDIA_METADATA_ERR (0x806e0006): file /build/firefox-3wnhso/firefox-84.0.2+build1/dom/media/MediaDecoderStateMachine.cpp:3471
1610721953836	Marionette	INFO	Stopped listening on port 36079
1610721957276	mozrunner::runner	INFO	Running command: "/usr/bin/firefox" "-marionette" "-foreground" "-no-remote" "-profile" "/tmp/rust_mozprofile.tdr4gXGW0q5F"
console.warn: SearchSettings: "get: No settings file exists, new profile?" (new Error("", "(unknown module)"))
1610721964277	Marionette	INFO	Listening on port 42589
1610721964399	Marionette	WARN	TLS certificate errors will be ignored for this session
1610721968865	Marionette	WARN	Ignoring event 'DOMContentLoaded' because document has an invalid readyState of 'complete'.
[Child 79062, MediaDecoderStateMachine #1] WARNING: Decoder=7f87b1480000 state=DECODING_METADATA Decode metadata failed, shutting down decoder: file /build/firefox-3wnhso/firefox-84.0.2+build1/dom/media/MediaDecoderStateMachine.cpp:376
[Child 79062, MediaDecoderStateMachine #1] WARNING: Decoder=7f87b1480000 Decode error: NS_ERROR_DOM_MEDIA_METADATA_ERR (0x806e0006): file /build/firefox-3wnhso/firefox-84.0.2+build1/dom/media/MediaDecoderStateMachine.cpp:3471
1610722066080	Marionette	INFO	Stopped listening on port 42589
1610722070474	mozrunner::runner	INFO	Running command: "/usr/bin/firefox" "-marionette" "-foreground" "-no-remote" "-profile" "/tmp/rust_mozprofile.xz380HZYerMa"
console.warn: SearchSettings: "get: No settings file exists, new profile?" (new Error("", "(unknown module)"))
1610722077893	Marionette	INFO	Listening on port 42353
1610722077943	Marionette	WARN	TLS certificate errors will be ignored for this session
1610722082777	Marionette	WARN	Ignoring event 'DOMContentLoaded' because document has an invalid readyState of 'complete'.
[Child 79488, MediaDecoderStateMachine #1] WARNING: Decoder=7f953b79e800 state=DECODING_METADATA Decode metadata failed, shutting down decoder: file /build/firefox-3wnhso/firefox-84.0.2+build1/dom/media/MediaDecoderStateMachine.cpp:376
[Child 79488, MediaDecoderStateMachine #1] WARNING: Decoder=7f953b79e800 Decode error: NS_ERROR_DOM_MEDIA_METADATA_ERR (0x806e0006): file /build/firefox-3wnhso/firefox-84.0.2+build1/dom/media/MediaDecoderStateMachine.cpp:3471
[Child 79488, MediaDecoderStateMachine #1] WARNING: Decoder=7f953b79f000 state=DECODING_METADATA Decode metadata failed, shutting down decoder: file /build/firefox-3wnhso/firefox-84.0.2+build1/dom/media/MediaDecoderStateMachine.cpp:376
[Child 79488, MediaDecoderStateMachine #1] WARNING: Decoder=7f953b79f000 Decode error: NS_ERROR_DOM_MEDIA_METADATA_ERR (0x806e0006): file /build/firefox-3wnhso/firefox-84.0.2+build1/dom/media/MediaDecoderStateMachine.cpp:3471
[Child 79488, MediaDecoderStateMachine #1] WARNING: Decoder=7f953b79f800 state=DECODING_METADATA Decode metadata failed, shutting down decoder: file /build/firefox-3wnhso/firefox-84.0.2+build1/dom/media/MediaDecoderStateMachine.cpp:376
[Child 79488, MediaDecoderStateMachine #1] WARNING: Decoder=7f953b79f800 Decode error: NS_ERROR_DOM_MEDIA_METADATA_ERR (0x806e0006): file /build/firefox-3wnhso/firefox-84.0.2+build1/dom/media/MediaDecoderStateMachine.cpp:3471
1610724260196	Marionette	INFO	Stopped listening on port 42353
1610724462730	mozrunner::runner	INFO	Running command: "/usr/bin/firefox" "-marionette" "-foreground" "-no-remote" "-profile" "/tmp/rust_mozprofile.fJdYnoDbiUhT"
console.warn: SearchSettings: "get: No settings file exists, new profile?" (new Error("", "(unknown module)"))
1610724470507	Marionette	INFO	Listening on port 34097
1610724470603	Marionette	WARN	TLS certificate errors will be ignored for this session
1610724475788	Marionette	WARN	Ignoring event 'DOMContentLoaded' because document has an invalid readyState of 'complete'.
[Child 80624, MediaDecoderStateMachine #1] WARNING: Decoder=7fb24009ec00 state=DECODING_METADATA Decode metadata failed, shutting down decoder: file /build/firefox-3wnhso/firefox-84.0.2+build1/dom/media/MediaDecoderStateMachine.cpp:376
[Child 80624, MediaDecoderStateMachine #1] WARNING: Decoder=7fb24009ec00 Decode error: NS_ERROR_DOM_MEDIA_METADATA_ERR (0x806e0006): file /build/firefox-3wnhso/firefox-84.0.2+build1/dom/media/MediaDecoderStateMachine.cpp:3471
[Child 80624, MediaDecoderStateMachine #1] WARNING: Decoder=7fb23fcbd000 state=DECODING_METADATA Decode metadata failed, shutting down decoder: file /build/firefox-3wnhso/firefox-84.0.2+build1/dom/media/MediaDecoderStateMachine.cpp:376
[Child 80624, MediaDecoderStateMachine #1] WARNING: Decoder=7fb23fcbd000 Decode error: NS_ERROR_DOM_MEDIA_METADATA_ERR (0x806e0006): file /build/firefox-3wnhso/firefox-84.0.2+build1/dom/media/MediaDecoderStateMachine.cpp:3471
[Child 80624, MediaDecoderStateMachine #1] WARNING: Decoder=7fb24009dc00 state=DECODING_METADATA Decode metadata failed, shutting down decoder: file /build/firefox-3wnhso/firefox-84.0.2+build1/dom/media/MediaDecoderStateMachine.cpp:376
[Child 80624, MediaDecoderStateMachine #1] WARNING: Decoder=7fb24009dc00 Decode error: NS_ERROR_DOM_MEDIA_METADATA_ERR (0x806e0006): file /build/firefox-3wnhso/firefox-84.0.2+build1/dom/media/MediaDecoderStateMachine.cpp:3471
[Child 80624, MediaDecoderStateMachine #1] WARNING: Decoder=7fb23fcc7800 state=DECODING_METADATA Decode metadata failed, shutting down decoder: file /build/firefox-3wnhso/firefox-84.0.2+build1/dom/media/MediaDecoderStateMachine.cpp:376
[Child 80624, MediaDecoderStateMachine #1] WARNING: Decoder=7fb23fcc7800 Decode error: NS_ERROR_DOM_MEDIA_METADATA_ERR (0x806e0006): file /build/firefox-3wnhso/firefox-84.0.2+build1/dom/media/MediaDecoderStateMachine.cpp:3471
JavaScript error: resource://activity-stream/lib/ASRouter.jsm, line 987: NS_ERROR_ILLEGAL_VALUE: Component returned failure code: 0x80070057 (NS_ERROR_ILLEGAL_VALUE) [nsIObserverService.removeObserver]
1610724531570	Marionette	INFO	Stopped listening on port 34097
1610728672133	mozrunner::runner	INFO	Running command: "/usr/bin/firefox" "-marionette" "-foreground" "-no-remote" "-profile" "/tmp/rust_mozprofile.l15gDPVb4fiM"
console.warn: SearchSettings: "get: No settings file exists, new profile?" (new Error("", "(unknown module)"))
1610728677648	Marionette	INFO	Listening on port 39917
1610728677681	Marionette	WARN	TLS certificate errors will be ignored for this session
1610728681870	Marionette	WARN	Ignoring event 'DOMContentLoaded' because document has an invalid readyState of 'complete'.
[Child 85897, MediaDecoderStateMachine #1] WARNING: Decoder=7f30942b0c00 state=DECODING_METADATA Decode metadata failed, shutting down decoder: file /build/firefox-3wnhso/firefox-84.0.2+build1/dom/media/MediaDecoderStateMachine.cpp:376
[Child 85897, MediaDecoderStateMachine #1] WARNING: Decoder=7f30942b0c00 Decode error: NS_ERROR_DOM_MEDIA_METADATA_ERR (0x806e0006): file /build/firefox-3wnhso/firefox-84.0.2+build1/dom/media/MediaDecoderStateMachine.cpp:3471
[Child 85897, MediaDecoderStateMachine #1] WARNING: Decoder=7f3093eb9000 state=DECODING_METADATA Decode metadata failed, shutting down decoder: file /build/firefox-3wnhso/firefox-84.0.2+build1/dom/media/MediaDecoderStateMachine.cpp:376
[Child 85897, MediaDecoderStateMachine #1] WARNING: Decoder=7f3093eb9000 Decode error: NS_ERROR_DOM_MEDIA_METADATA_ERR (0x806e0006): file /build/firefox-3wnhso/firefox-84.0.2+build1/dom/media/MediaDecoderStateMachine.cpp:3471
[Child 85897, MediaDecoderStateMachine #1] WARNING: Decoder=7f30942b0800 state=DECODING_METADATA Decode metadata failed, shutting down decoder: file /build/firefox-3wnhso/firefox-84.0.2+build1/dom/media/MediaDecoderStateMachine.cpp:376
[Child 85897, MediaDecoderStateMachine #1] WARNING: Decoder=7f30942b0800 Decode error: NS_ERROR_DOM_MEDIA_METADATA_ERR (0x806e0006): file /build/firefox-3wnhso/firefox-84.0.2+build1/dom/media/MediaDecoderStateMachine.cpp:3471
[Child 85897, MediaDecoderStateMachine #1] WARNING: Decoder=7f30977a0000 state=DECODING_METADATA Decode metadata failed, shutting down decoder: file /build/firefox-3wnhso/firefox-84.0.2+build1/dom/media/MediaDecoderStateMachine.cpp:376
[Child 85897, MediaDecoderStateMachine #1] WARNING: Decoder=7f30977a0000 Decode error: NS_ERROR_DOM_MEDIA_METADATA_ERR (0x806e0006): file /build/firefox-3wnhso/firefox-84.0.2+build1/dom/media/MediaDecoderStateMachine.cpp:3471
[Child 85897, MediaDecoderStateMachine #1] WARNING: Decoder=7f308ad83c00 state=DECODING_METADATA Decode metadata failed, shutting down decoder: file /build/firefox-3wnhso/firefox-84.0.2+build1/dom/media/MediaDecoderStateMachine.cpp:376
[Child 85897, MediaDecoderStateMachine #1] WARNING: Decoder=7f308ad83c00 Decode error: NS_ERROR_DOM_MEDIA_METADATA_ERR (0x806e0006): file /build/firefox-3wnhso/firefox-84.0.2+build1/dom/media/MediaDecoderStateMachine.cpp:3471
1610732881009	mozrunner::runner	INFO	Running command: "/usr/bin/firefox" "-marionette" "-foreground" "-no-remote" "-profile" "/tmp/rust_mozprofile.MeSv6brlDmRr"
console.warn: SearchSettings: "get: No settings file exists, new profile?" (new Error("", "(unknown module)"))
1610732896749	Marionette	INFO	Listening on port 40093
1610732897357	Marionette	WARN	TLS certificate errors will be ignored for this session
1610732901847	Marionette	WARN	Ignoring event 'DOMContentLoaded' because document has an invalid readyState of 'complete'.
[Child 89176, MediaDecoderStateMachine #1] WARNING: Decoder=7feb11273400 state=DECODING_METADATA Decode metadata failed, shutting down decoder: file /build/firefox-3wnhso/firefox-84.0.2+build1/dom/media/MediaDecoderStateMachine.cpp:376
[Child 89176, MediaDecoderStateMachine #1] WARNING: Decoder=7feb11273400 Decode error: NS_ERROR_DOM_MEDIA_METADATA_ERR (0x806e0006): file /build/firefox-3wnhso/firefox-84.0.2+build1/dom/media/MediaDecoderStateMachine.cpp:3471
[Child 89176, MediaDecoderStateMachine #1] WARNING: Decoder=7feb18d42c00 state=DECODING_METADATA Decode metadata failed, shutting down decoder: file /build/firefox-3wnhso/firefox-84.0.2+build1/dom/media/MediaDecoderStateMachine.cpp:376
[Child 89176, MediaDecoderStateMachine #1] WARNING: Decoder=7feb18d42c00 Decode error: NS_ERROR_DOM_MEDIA_METADATA_ERR (0x806e0006): file /build/firefox-3wnhso/firefox-84.0.2+build1/dom/media/MediaDecoderStateMachine.cpp:3471
JavaScript error: resource://activity-stream/lib/ASRouter.jsm, line 987: NS_ERROR_ILLEGAL_VALUE: Component returned failure code: 0x80070057 (NS_ERROR_ILLEGAL_VALUE) [nsIObserverService.removeObserver]
1610733367736	Marionette	INFO	Stopped listening on port 39917
1610733368463	Marionette	INFO	Stopped listening on port 40093
1610733376308	mozrunner::runner	INFO	Running command: "/usr/bin/firefox" "-marionette" "-foreground" "-no-remote" "-profile" "/tmp/rust_mozprofile.Mv1IDn0zsE8k"
console.warn: SearchSettings: "get: No settings file exists, new profile?" (new Error("", "(unknown module)"))
1610733382823	Marionette	INFO	Listening on port 41761
1610733382864	Marionette	WARN	TLS certificate errors will be ignored for this session
1610733386832	Marionette	WARN	Ignoring event 'DOMContentLoaded' because document has an invalid readyState of 'complete'.
[Child 89686, MediaDecoderStateMachine #1] WARNING: Decoder=7ff4fd451c00 state=DECODING_METADATA Decode metadata failed, shutting down decoder: file /build/firefox-3wnhso/firefox-84.0.2+build1/dom/media/MediaDecoderStateMachine.cpp:376
[Child 89686, MediaDecoderStateMachine #1] WARNING: Decoder=7ff4fd451c00 Decode error: NS_ERROR_DOM_MEDIA_METADATA_ERR (0x806e0006): file /build/firefox-3wnhso/firefox-84.0.2+build1/dom/media/MediaDecoderStateMachine.cpp:3471
[Child 89686, MediaDecoderStateMachine #1] WARNING: Decoder=7ff4fd452800 state=DECODING_METADATA Decode metadata failed, shutting down decoder: file /build/firefox-3wnhso/firefox-84.0.2+build1/dom/media/MediaDecoderStateMachine.cpp:376
[Child 89686, MediaDecoderStateMachine #1] WARNING: Decoder=7ff4fd452800 Decode error: NS_ERROR_DOM_MEDIA_METADATA_ERR (0x806e0006): file /build/firefox-3wnhso/firefox-84.0.2+build1/dom/media/MediaDecoderStateMachine.cpp:3471
JavaScript error: resource://activity-stream/lib/ASRouter.jsm, line 987: NS_ERROR_ILLEGAL_VALUE: Component returned failure code: 0x80070057 (NS_ERROR_ILLEGAL_VALUE) [nsIObserverService.removeObserver]
1610733482482	Marionette	INFO	Stopped listening on port 41761
1610733484865	mozrunner::runner	INFO	Running command: "/usr/bin/firefox" "-marionette" "-foreground" "-no-remote" "-profile" "/tmp/rust_mozprofile.atxe25KpLkc8"
console.warn: SearchSettings: "get: No settings file exists, new profile?" (new Error("", "(unknown module)"))
1610733490372	Marionette	INFO	Listening on port 44651
1610733490426	Marionette	WARN	TLS certificate errors will be ignored for this session
1610733494981	Marionette	WARN	Ignoring event 'DOMContentLoaded' because document has an invalid readyState of 'complete'.
[Child 90052, MediaDecoderStateMachine #1] WARNING: Decoder=7f0dfefa5c00 state=DECODING_METADATA Decode metadata failed, shutting down decoder: file /build/firefox-3wnhso/firefox-84.0.2+build1/dom/media/MediaDecoderStateMachine.cpp:376
[Child 90052, MediaDecoderStateMachine #1] WARNING: Decoder=7f0dfefa5c00 Decode error: NS_ERROR_DOM_MEDIA_METADATA_ERR (0x806e0006): file /build/firefox-3wnhso/firefox-84.0.2+build1/dom/media/MediaDecoderStateMachine.cpp:3471
[Child 90052, MediaDecoderStateMachine #1] WARNING: Decoder=7f0dfefa5400 state=DECODING_METADATA Decode metadata failed, shutting down decoder: file /build/firefox-3wnhso/firefox-84.0.2+build1/dom/media/MediaDecoderStateMachine.cpp:376
[Child 90052, MediaDecoderStateMachine #1] WARNING: Decoder=7f0dfefa5400 Decode error: NS_ERROR_DOM_MEDIA_METADATA_ERR (0x806e0006): file /build/firefox-3wnhso/firefox-84.0.2+build1/dom/media/MediaDecoderStateMachine.cpp:3471
[Child 90052, MediaDecoderStateMachine #1] WARNING: Decoder=7f0df68c9400 state=DECODING_METADATA Decode metadata failed, shutting down decoder: file /build/firefox-3wnhso/firefox-84.0.2+build1/dom/media/MediaDecoderStateMachine.cpp:376
[Child 90052, MediaDecoderStateMachine #1] WARNING: Decoder=7f0df68c9400 Decode error: NS_ERROR_DOM_MEDIA_METADATA_ERR (0x806e0006): file /build/firefox-3wnhso/firefox-84.0.2+build1/dom/media/MediaDecoderStateMachine.cpp:3471
[Child 90052, MediaDecoderStateMachine #1] WARNING: Decoder=7f0dfefa8c00 state=DECODING_METADATA Decode metadata failed, shutting down decoder: file /build/firefox-3wnhso/firefox-84.0.2+build1/dom/media/MediaDecoderStateMachine.cpp:376
[Child 90052, MediaDecoderStateMachine #1] WARNING: Decoder=7f0dfefa8c00 Decode error: NS_ERROR_DOM_MEDIA_METADATA_ERR (0x806e0006): file /build/firefox-3wnhso/firefox-84.0.2+build1/dom/media/MediaDecoderStateMachine.cpp:3471
1610733572716	mozrunner::runner	INFO	Running command: "/usr/bin/firefox" "-marionette" "-foreground" "-no-remote" "-profile" "/tmp/rust_mozprofile.0JKfe6C4FsYk"
console.warn: SearchSettings: "get: No settings file exists, new profile?" (new Error("", "(unknown module)"))
1610733577823	Marionette	INFO	Listening on port 35937
1610733577884	Marionette	WARN	TLS certificate errors will be ignored for this session
1610733581904	Marionette	WARN	Ignoring event 'DOMContentLoaded' because document has an invalid readyState of 'complete'.
[Child 90412, MediaDecoderStateMachine #1] WARNING: Decoder=7f9408aa5c00 state=DECODING_METADATA Decode metadata failed, shutting down decoder: file /build/firefox-3wnhso/firefox-84.0.2+build1/dom/media/MediaDecoderStateMachine.cpp:376
[Child 90412, MediaDecoderStateMachine #1] WARNING: Decoder=7f9408aa5c00 Decode error: NS_ERROR_DOM_MEDIA_METADATA_ERR (0x806e0006): file /build/firefox-3wnhso/firefox-84.0.2+build1/dom/media/MediaDecoderStateMachine.cpp:3471
[Child 90412, MediaDecoderStateMachine #1] WARNING: Decoder=7f9410857800 state=DECODING_METADATA Decode metadata failed, shutting down decoder: file /build/firefox-3wnhso/firefox-84.0.2+build1/dom/media/MediaDecoderStateMachine.cpp:376
[Child 90412, MediaDecoderStateMachine #1] WARNING: Decoder=7f9410857800 Decode error: NS_ERROR_DOM_MEDIA_METADATA_ERR (0x806e0006): file /build/firefox-3wnhso/firefox-84.0.2+build1/dom/media/MediaDecoderStateMachine.cpp:3471
[Child 90412, MediaDecoderStateMachine #1] WARNING: Decoder=7f9408aa4000 state=DECODING_METADATA Decode metadata failed, shutting down decoder: file /build/firefox-3wnhso/firefox-84.0.2+build1/dom/media/MediaDecoderStateMachine.cpp:376
[Child 90412, MediaDecoderStateMachine #1] WARNING: Decoder=7f9408aa4000 Decode error: NS_ERROR_DOM_MEDIA_METADATA_ERR (0x806e0006): file /build/firefox-3wnhso/firefox-84.0.2+build1/dom/media/MediaDecoderStateMachine.cpp:3471
JavaScript error: resource://activity-stream/lib/ASRouter.jsm, line 987: NS_ERROR_ILLEGAL_VALUE: Component returned failure code: 0x80070057 (NS_ERROR_ILLEGAL_VALUE) [nsIObserverService.removeObserver]
1610733596902	Marionette	INFO	Stopped listening on port 44651
JavaScript error: resource://activity-stream/lib/ASRouter.jsm, line 987: NS_ERROR_ILLEGAL_VALUE: Component returned failure code: 0x80070057 (NS_ERROR_ILLEGAL_VALUE) [nsIObserverService.removeObserver]
1610733649887	Marionette	INFO	Stopped listening on port 35937
1610733654816	mozrunner::runner	INFO	Running command: "/usr/bin/firefox" "-marionette" "-foreground" "-no-remote" "-profile" "/tmp/rust_mozprofile.2orqb277XnDN"
console.warn: SearchSettings: "get: No settings file exists, new profile?" (new Error("", "(unknown module)"))
1610733661204	Marionette	INFO	Listening on port 39877
1610733661265	Marionette	WARN	TLS certificate errors will be ignored for this session
1610733665667	Marionette	WARN	Ignoring event 'DOMContentLoaded' because document has an invalid readyState of 'complete'.
[Child 90786, MediaDecoderStateMachine #1] WARNING: Decoder=7fe795cea000 state=DECODING_METADATA Decode metadata failed, shutting down decoder: file /build/firefox-3wnhso/firefox-84.0.2+build1/dom/media/MediaDecoderStateMachine.cpp:376
[Child 90786, MediaDecoderStateMachine #1] WARNING: Decoder=7fe795cea000 Decode error: NS_ERROR_DOM_MEDIA_METADATA_ERR (0x806e0006): file /build/firefox-3wnhso/firefox-84.0.2+build1/dom/media/MediaDecoderStateMachine.cpp:3471
[Child 90786, MediaDecoderStateMachine #1] WARNING: Decoder=7fe78ff4a000 state=DECODING_METADATA Decode metadata failed, shutting down decoder: file /build/firefox-3wnhso/firefox-84.0.2+build1/dom/media/MediaDecoderStateMachine.cpp:376
[Child 90786, MediaDecoderStateMachine #1] WARNING: Decoder=7fe78ff4a000 Decode error: NS_ERROR_DOM_MEDIA_METADATA_ERR (0x806e0006): file /build/firefox-3wnhso/firefox-84.0.2+build1/dom/media/MediaDecoderStateMachine.cpp:3471
1610733836840	mozrunner::runner	INFO	Running command: "/usr/bin/firefox" "-marionette" "-foreground" "-no-remote" "-profile" "/tmp/rust_mozprofile.rIonLduQvqoC"
console.warn: SearchSettings: "get: No settings file exists, new profile?" (new Error("", "(unknown module)"))
1610733842201	Marionette	INFO	Listening on port 33829
1610733842328	Marionette	WARN	TLS certificate errors will be ignored for this session
1610733846797	Marionette	WARN	Ignoring event 'DOMContentLoaded' because document has an invalid readyState of 'complete'.
JavaScript error: resource://activity-stream/lib/ASRouter.jsm, line 987: NS_ERROR_ILLEGAL_VALUE: Component returned failure code: 0x80070057 (NS_ERROR_ILLEGAL_VALUE) [nsIObserverService.removeObserver]
1610733848837	Marionette	INFO	Stopped listening on port 39877
[Child 91167, MediaDecoderStateMachine #1] WARNING: Decoder=7f4858db1c00 state=DECODING_METADATA Decode metadata failed, shutting down decoder: file /build/firefox-3wnhso/firefox-84.0.2+build1/dom/media/MediaDecoderStateMachine.cpp:376
[Child 91167, MediaDecoderStateMachine #1] WARNING: Decoder=7f4858db1c00 Decode error: NS_ERROR_DOM_MEDIA_METADATA_ERR (0x806e0006): file /build/firefox-3wnhso/firefox-84.0.2+build1/dom/media/MediaDecoderStateMachine.cpp:3471
[Child 91167, MediaDecoderStateMachine #1] WARNING: Decoder=7f4858db1400 state=DECODING_METADATA Decode metadata failed, shutting down decoder: file /build/firefox-3wnhso/firefox-84.0.2+build1/dom/media/MediaDecoderStateMachine.cpp:376
[Child 91167, MediaDecoderStateMachine #1] WARNING: Decoder=7f4858db1400 Decode error: NS_ERROR_DOM_MEDIA_METADATA_ERR (0x806e0006): file /build/firefox-3wnhso/firefox-84.0.2+build1/dom/media/MediaDecoderStateMachine.cpp:3471
[Child 91167, MediaDecoderStateMachine #1] WARNING: Decoder=7f486069dc00 state=DECODING_METADATA Decode metadata failed, shutting down decoder: file /build/firefox-3wnhso/firefox-84.0.2+build1/dom/media/MediaDecoderStateMachine.cpp:376
[Child 91167, MediaDecoderStateMachine #1] WARNING: Decoder=7f486069dc00 Decode error: NS_ERROR_DOM_MEDIA_METADATA_ERR (0x806e0006): file /build/firefox-3wnhso/firefox-84.0.2+build1/dom/media/MediaDecoderStateMachine.cpp:3471
JavaScript error: resource://activity-stream/lib/ASRouter.jsm, line 987: NS_ERROR_ILLEGAL_VALUE: Component returned failure code: 0x80070057 (NS_ERROR_ILLEGAL_VALUE) [nsIObserverService.removeObserver]
1610733885758	Marionette	INFO	Stopped listening on port 33829
1610733890234	mozrunner::runner	INFO	Running command: "/usr/bin/firefox" "-marionette" "-foreground" "-no-remote" "-profile" "/tmp/rust_mozprofile.9yFCinDf77yW"
console.warn: SearchSettings: "get: No settings file exists, new profile?" (new Error("", "(unknown module)"))
1610733895609	Marionette	INFO	Listening on port 34649
1610733895683	Marionette	WARN	TLS certificate errors will be ignored for this session
1610733899877	Marionette	WARN	Ignoring event 'DOMContentLoaded' because document has an invalid readyState of 'complete'.
[Child 91543, MediaDecoderStateMachine #1] WARNING: Decoder=7fbccb9de000 state=DECODING_METADATA Decode metadata failed, shutting down decoder: file /build/firefox-3wnhso/firefox-84.0.2+build1/dom/media/MediaDecoderStateMachine.cpp:376
[Child 91543, MediaDecoderStateMachine #1] WARNING: Decoder=7fbccb9de000 Decode error: NS_ERROR_DOM_MEDIA_METADATA_ERR (0x806e0006): file /build/firefox-3wnhso/firefox-84.0.2+build1/dom/media/MediaDecoderStateMachine.cpp:3471
[Child 91543, MediaDecoderStateMachine #1] WARNING: Decoder=7fbcdd1eb400 state=DECODING_METADATA Decode metadata failed, shutting down decoder: file /build/firefox-3wnhso/firefox-84.0.2+build1/dom/media/MediaDecoderStateMachine.cpp:376
[Child 91543, MediaDecoderStateMachine #1] WARNING: Decoder=7fbcdd1eb400 Decode error: NS_ERROR_DOM_MEDIA_METADATA_ERR (0x806e0006): file /build/firefox-3wnhso/firefox-84.0.2+build1/dom/media/MediaDecoderStateMachine.cpp:3471
1610733966000	mozrunner::runner	INFO	Running command: "/usr/bin/firefox" "-marionette" "-foreground" "-no-remote" "-profile" "/tmp/rust_mozprofile.hVyfEZIm1nXq"
JavaScript error: resource://activity-stream/lib/ASRouter.jsm, line 987: NS_ERROR_ILLEGAL_VALUE: Component returned failure code: 0x80070057 (NS_ERROR_ILLEGAL_VALUE) [nsIObserverService.removeObserver]
1610733968685	Marionette	INFO	Stopped listening on port 34649
console.warn: SearchSettings: "get: No settings file exists, new profile?" (new Error("", "(unknown module)"))
1610733973715	Marionette	INFO	Listening on port 34475
1610733973775	Marionette	WARN	TLS certificate errors will be ignored for this session
1610733978623	Marionette	WARN	Ignoring event 'DOMContentLoaded' because document has an invalid readyState of 'complete'.
[Child 91945, MediaDecoderStateMachine #1] WARNING: Decoder=7fe756cac000 state=DECODING_METADATA Decode metadata failed, shutting down decoder: file /build/firefox-3wnhso/firefox-84.0.2+build1/dom/media/MediaDecoderStateMachine.cpp:376
[Child 91945, MediaDecoderStateMachine #1] WARNING: Decoder=7fe756cac000 Decode error: NS_ERROR_DOM_MEDIA_METADATA_ERR (0x806e0006): file /build/firefox-3wnhso/firefox-84.0.2+build1/dom/media/MediaDecoderStateMachine.cpp:3471
[Child 91945, MediaDecoderStateMachine #1] WARNING: Decoder=7fe74e98c000 state=DECODING_METADATA Decode metadata failed, shutting down decoder: file /build/firefox-3wnhso/firefox-84.0.2+build1/dom/media/MediaDecoderStateMachine.cpp:376
[Child 91945, MediaDecoderStateMachine #1] WARNING: Decoder=7fe74e98c000 Decode error: NS_ERROR_DOM_MEDIA_METADATA_ERR (0x806e0006): file /build/firefox-3wnhso/firefox-84.0.2+build1/dom/media/MediaDecoderStateMachine.cpp:3471
[Child 91945, MediaDecoderStateMachine #1] WARNING: Decoder=7fe756cad000 state=DECODING_METADATA Decode metadata failed, shutting down decoder: file /build/firefox-3wnhso/firefox-84.0.2+build1/dom/media/MediaDecoderStateMachine.cpp:376
[Child 91945, MediaDecoderStateMachine #1] WARNING: Decoder=7fe756cad000 Decode error: NS_ERROR_DOM_MEDIA_METADATA_ERR (0x806e0006): file /build/firefox-3wnhso/firefox-84.0.2+build1/dom/media/MediaDecoderStateMachine.cpp:3471
[Child 91945, MediaDecoderStateMachine #1] WARNING: Decoder=7fe756ca8400 state=DECODING_METADATA Decode metadata failed, shutting down decoder: file /build/firefox-3wnhso/firefox-84.0.2+build1/dom/media/MediaDecoderStateMachine.cpp:376
[Child 91945, MediaDecoderStateMachine #1] WARNING: Decoder=7fe756ca8400 Decode error: NS_ERROR_DOM_MEDIA_METADATA_ERR (0x806e0006): file /build/firefox-3wnhso/firefox-84.0.2+build1/dom/media/MediaDecoderStateMachine.cpp:3471
[Child 91945, MediaDecoderStateMachine #1] WARNING: Decoder=7fe74e98f000 state=DECODING_METADATA Decode metadata failed, shutting down decoder: file /build/firefox-3wnhso/firefox-84.0.2+build1/dom/media/MediaDecoderStateMachine.cpp:376
[Child 91945, MediaDecoderStateMachine #1] WARNING: Decoder=7fe74e98f000 Decode error: NS_ERROR_DOM_MEDIA_METADATA_ERR (0x806e0006): file /build/firefox-3wnhso/firefox-84.0.2+build1/dom/media/MediaDecoderStateMachine.cpp:3471
1610734136980	mozrunner::runner	INFO	Running command: "/usr/bin/firefox" "-marionette" "-foreground" "-no-remote" "-profile" "/tmp/rust_mozprofile.Ho6quNTnmu0Q"
console.warn: SearchSettings: "get: No settings file exists, new profile?" (new Error("", "(unknown module)"))
1610734140702	Marionette	INFO	Stopped listening on port 34475
1610734142824	Marionette	INFO	Listening on port 45391
1610734143007	Marionette	WARN	TLS certificate errors will be ignored for this session
1610734147473	Marionette	WARN	Ignoring event 'DOMContentLoaded' because document has an invalid readyState of 'complete'.
[Child 92329, MediaDecoderStateMachine #1] WARNING: Decoder=7f637008d400 state=DECODING_METADATA Decode metadata failed, shutting down decoder: file /build/firefox-3wnhso/firefox-84.0.2+build1/dom/media/MediaDecoderStateMachine.cpp:376
[Child 92329, MediaDecoderStateMachine #1] WARNING: Decoder=7f637008d400 Decode error: NS_ERROR_DOM_MEDIA_METADATA_ERR (0x806e0006): file /build/firefox-3wnhso/firefox-84.0.2+build1/dom/media/MediaDecoderStateMachine.cpp:3471
[Child 92329, MediaDecoderStateMachine #1] WARNING: Decoder=7f637008cc00 state=DECODING_METADATA Decode metadata failed, shutting down decoder: file /build/firefox-3wnhso/firefox-84.0.2+build1/dom/media/MediaDecoderStateMachine.cpp:376
[Child 92329, MediaDecoderStateMachine #1] WARNING: Decoder=7f637008cc00 Decode error: NS_ERROR_DOM_MEDIA_METADATA_ERR (0x806e0006): file /build/firefox-3wnhso/firefox-84.0.2+build1/dom/media/MediaDecoderStateMachine.cpp:3471
[Child 92329, MediaDecoderStateMachine #1] WARNING: Decoder=7f637008f000 state=DECODING_METADATA Decode metadata failed, shutting down decoder: file /build/firefox-3wnhso/firefox-84.0.2+build1/dom/media/MediaDecoderStateMachine.cpp:376
[Child 92329, MediaDecoderStateMachine #1] WARNING: Decoder=7f637008f000 Decode error: NS_ERROR_DOM_MEDIA_METADATA_ERR (0x806e0006): file /build/firefox-3wnhso/firefox-84.0.2+build1/dom/media/MediaDecoderStateMachine.cpp:3471
[Child 92329, MediaDecoderStateMachine #1] WARNING: Decoder=7f6370090800 state=DECODING_METADATA Decode metadata failed, shutting down decoder: file /build/firefox-3wnhso/firefox-84.0.2+build1/dom/media/MediaDecoderStateMachine.cpp:376
[Child 92329, MediaDecoderStateMachine #1] WARNING: Decoder=7f6370090800 Decode error: NS_ERROR_DOM_MEDIA_METADATA_ERR (0x806e0006): file /build/firefox-3wnhso/firefox-84.0.2+build1/dom/media/MediaDecoderStateMachine.cpp:3471
[Child 92329, MediaDecoderStateMachine #1] WARNING: Decoder=7f6370090400 state=DECODING_METADATA Decode metadata failed, shutting down decoder: file /build/firefox-3wnhso/firefox-84.0.2+build1/dom/media/MediaDecoderStateMachine.cpp:376
[Child 92329, MediaDecoderStateMachine #1] WARNING: Decoder=7f6370090400 Decode error: NS_ERROR_DOM_MEDIA_METADATA_ERR (0x806e0006): file /build/firefox-3wnhso/firefox-84.0.2+build1/dom/media/MediaDecoderStateMachine.cpp:3471
1610734275969	mozrunner::runner	INFO	Running command: "/usr/bin/firefox" "-marionette" "-foreground" "-no-remote" "-profile" "/tmp/rust_mozprofile.W3aH6Mbg2iU0"
JavaScript error: resource://activity-stream/lib/ASRouter.jsm, line 987: NS_ERROR_ILLEGAL_VALUE: Component returned failure code: 0x80070057 (NS_ERROR_ILLEGAL_VALUE) [nsIObserverService.removeObserver]
1610734279050	Marionette	INFO	Stopped listening on port 45391
console.warn: SearchSettings: "get: No settings file exists, new profile?" (new Error("", "(unknown module)"))
1610734283015	Marionette	INFO	Listening on port 38663
1610734283118	Marionette	WARN	TLS certificate errors will be ignored for this session
1610734287378	Marionette	WARN	Ignoring event 'DOMContentLoaded' because document has an invalid readyState of 'complete'.
[Child 93125, MediaDecoderStateMachine #1] WARNING: Decoder=7f2e91888800 state=DECODING_METADATA Decode metadata failed, shutting down decoder: file /build/firefox-3wnhso/firefox-84.0.2+build1/dom/media/MediaDecoderStateMachine.cpp:376
[Child 93125, MediaDecoderStateMachine #1] WARNING: Decoder=7f2e91888800 Decode error: NS_ERROR_DOM_MEDIA_METADATA_ERR (0x806e0006): file /build/firefox-3wnhso/firefox-84.0.2+build1/dom/media/MediaDecoderStateMachine.cpp:3471
[Child 93125, MediaDecoderStateMachine #1] WARNING: Decoder=7f2e88c2d000 state=DECODING_METADATA Decode metadata failed, shutting down decoder: file /build/firefox-3wnhso/firefox-84.0.2+build1/dom/media/MediaDecoderStateMachine.cpp:376
[Child 93125, MediaDecoderStateMachine #1] WARNING: Decoder=7f2e88c2d000 Decode error: NS_ERROR_DOM_MEDIA_METADATA_ERR (0x806e0006): file /build/firefox-3wnhso/firefox-84.0.2+build1/dom/media/MediaDecoderStateMachine.cpp:3471
[Child 93125, MediaDecoderStateMachine #1] WARNING: Decoder=7f2e9a776400 state=DECODING_METADATA Decode metadata failed, shutting down decoder: file /build/firefox-3wnhso/firefox-84.0.2+build1/dom/media/MediaDecoderStateMachine.cpp:376
[Child 93125, MediaDecoderStateMachine #1] WARNING: Decoder=7f2e9a776400 Decode error: NS_ERROR_DOM_MEDIA_METADATA_ERR (0x806e0006): file /build/firefox-3wnhso/firefox-84.0.2+build1/dom/media/MediaDecoderStateMachine.cpp:3471
[Child 93125, MediaDecoderStateMachine #1] WARNING: Decoder=7f2e953f6c00 state=DECODING_METADATA Decode metadata failed, shutting down decoder: file /build/firefox-3wnhso/firefox-84.0.2+build1/dom/media/MediaDecoderStateMachine.cpp:376
[Child 93125, MediaDecoderStateMachine #1] WARNING: Decoder=7f2e953f6c00 Decode error: NS_ERROR_DOM_MEDIA_METADATA_ERR (0x806e0006): file /build/firefox-3wnhso/firefox-84.0.2+build1/dom/media/MediaDecoderStateMachine.cpp:3471
1610734315935	mozrunner::runner	INFO	Running command: "/usr/bin/firefox" "-marionette" "-foreground" "-no-remote" "-profile" "/tmp/rust_mozprofile.eNPiKGrSXbu1"
console.warn: SearchSettings: "get: No settings file exists, new profile?" (new Error("", "(unknown module)"))
1610734320843	Marionette	INFO	Listening on port 33849
1610734320934	Marionette	WARN	TLS certificate errors will be ignored for this session
1610734324675	Marionette	WARN	Ignoring event 'DOMContentLoaded' because document has an invalid readyState of 'complete'.
[Child 93456, MediaDecoderStateMachine #1] WARNING: Decoder=7f3952833c00 state=DECODING_METADATA Decode metadata failed, shutting down decoder: file /build/firefox-3wnhso/firefox-84.0.2+build1/dom/media/MediaDecoderStateMachine.cpp:376
[Child 93456, MediaDecoderStateMachine #1] WARNING: Decoder=7f3952833c00 Decode error: NS_ERROR_DOM_MEDIA_METADATA_ERR (0x806e0006): file /build/firefox-3wnhso/firefox-84.0.2+build1/dom/media/MediaDecoderStateMachine.cpp:3471
[Child 93456, MediaDecoderStateMachine #1] WARNING: Decoder=7f3952263800 state=DECODING_METADATA Decode metadata failed, shutting down decoder: file /build/firefox-3wnhso/firefox-84.0.2+build1/dom/media/MediaDecoderStateMachine.cpp:376
[Child 93456, MediaDecoderStateMachine #1] WARNING: Decoder=7f3952263800 Decode error: NS_ERROR_DOM_MEDIA_METADATA_ERR (0x806e0006): file /build/firefox-3wnhso/firefox-84.0.2+build1/dom/media/MediaDecoderStateMachine.cpp:3471
1610734341453	Marionette	INFO	Stopped listening on port 33849
JavaScript error: resource://gre/modules/UrlClassifierListManager.jsm, line 691: TypeError: this.tablesData[table] is undefined
IPDL protocol error: Handler returned error code!

###!!! [Parent][DispatchAsyncMessage] Error: PLayerTransaction::Msg_ReleaseLayer Processing error: message was deserialized, but the handler returned false (indicating failure)

IPDL protocol error: Handler returned error code!

###!!! [Parent][DispatchAsyncMessage] Error: PLayerTransaction::Msg_ReleaseLayer Processing error: message was deserialized, but the handler returned false (indicating failure)

IPDL protocol error: Handler returned error code!

###!!! [Parent][DispatchAsyncMessage] Error: PLayerTransaction::Msg_ReleaseLayer Processing error: message was deserialized, but the handler returned false (indicating failure)

IPDL protocol error: Handler returned error code!

###!!! [Parent][DispatchAsyncMessage] Error: PLayerTransaction::Msg_ReleaseLayer Processing error: message was deserialized, but the handler returned false (indicating failure)

IPDL protocol error: Handler returned error code!

###!!! [Parent][DispatchAsyncMessage] Error: PLayerTransaction::Msg_ReleaseLayer Processing error: message was deserialized, but the handler returned false (indicating failure)

IPDL protocol error: Handler returned error code!

###!!! [Parent][DispatchAsyncMessage] Error: PLayerTransaction::Msg_ReleaseLayer Processing error: message was deserialized, but the handler returned false (indicating failure)

IPDL protocol error: Handler returned error code!

###!!! [Parent][DispatchAsyncMessage] Error: PLayerTransaction::Msg_ReleaseLayer Processing error: message was deserialized, but the handler returned false (indicating failure)

JavaScript error: resource://activity-stream/lib/ASRouter.jsm, line 987: NS_ERROR_ILLEGAL_VALUE: Component returned failure code: 0x80070057 (NS_ERROR_ILLEGAL_VALUE) [nsIObserverService.removeObserver]
1610734581448	Marionette	INFO	Stopped listening on port 38663
1610734583211	mozrunner::runner	INFO	Running command: "/usr/bin/firefox" "-marionette" "-foreground" "-no-remote" "-profile" "/tmp/rust_mozprofile.MquJAZljg49D"
console.warn: SearchSettings: "get: No settings file exists, new profile?" (new Error("", "(unknown module)"))
1610734588650	Marionette	INFO	Listening on port 42251
1610734588753	Marionette	WARN	TLS certificate errors will be ignored for this session
1610734592955	Marionette	WARN	Ignoring event 'DOMContentLoaded' because document has an invalid readyState of 'complete'.
[Child 93893, MediaDecoderStateMachine #1] WARNING: Decoder=7f3d75372400 state=DECODING_METADATA Decode metadata failed, shutting down decoder: file /build/firefox-3wnhso/firefox-84.0.2+build1/dom/media/MediaDecoderStateMachine.cpp:376
[Child 93893, MediaDecoderStateMachine #1] WARNING: Decoder=7f3d75372400 Decode error: NS_ERROR_DOM_MEDIA_METADATA_ERR (0x806e0006): file /build/firefox-3wnhso/firefox-84.0.2+build1/dom/media/MediaDecoderStateMachine.cpp:3471
[Child 93893, MediaDecoderStateMachine #1] WARNING: Decoder=7f3d75374400 state=DECODING_METADATA Decode metadata failed, shutting down decoder: file /build/firefox-3wnhso/firefox-84.0.2+build1/dom/media/MediaDecoderStateMachine.cpp:376
[Child 93893, MediaDecoderStateMachine #1] WARNING: Decoder=7f3d75374400 Decode error: NS_ERROR_DOM_MEDIA_METADATA_ERR (0x806e0006): file /build/firefox-3wnhso/firefox-84.0.2+build1/dom/media/MediaDecoderStateMachine.cpp:3471
[Child 93893, MediaDecoderStateMachine #1] WARNING: Decoder=7f3d75375c00 state=DECODING_METADATA Decode metadata failed, shutting down decoder: file /build/firefox-3wnhso/firefox-84.0.2+build1/dom/media/MediaDecoderStateMachine.cpp:376
[Child 93893, MediaDecoderStateMachine #1] WARNING: Decoder=7f3d75375c00 Decode error: NS_ERROR_DOM_MEDIA_METADATA_ERR (0x806e0006): file /build/firefox-3wnhso/firefox-84.0.2+build1/dom/media/MediaDecoderStateMachine.cpp:3471
1610734608068	Marionette	INFO	Stopped listening on port 42251
JavaScript error: resource://activity-stream/lib/ASRouter.jsm, line 987: NS_ERROR_ILLEGAL_VALUE: Component returned failure code: 0x80070057 (NS_ERROR_ILLEGAL_VALUE) [nsIObserverService.removeObserver]
1610735821867	mozrunner::runner	INFO	Running command: "/usr/bin/firefox" "-marionette" "-foreground" "-no-remote" "-profile" "/tmp/rust_mozprofile.yEDxl6Rsw27q"
console.warn: SearchSettings: "get: No settings file exists, new profile?" (new Error("", "(unknown module)"))
1610735827464	Marionette	INFO	Listening on port 36101
1610735827512	Marionette	WARN	TLS certificate errors will be ignored for this session
1610735831880	Marionette	WARN	Ignoring event 'DOMContentLoaded' because document has an invalid readyState of 'complete'.
[Child 94928, MediaDecoderStateMachine #1] WARNING: Decoder=7fa877a6c800 state=DECODING_METADATA Decode metadata failed, shutting down decoder: file /build/firefox-3wnhso/firefox-84.0.2+build1/dom/media/MediaDecoderStateMachine.cpp:376
[Child 94928, MediaDecoderStateMachine #1] WARNING: Decoder=7fa877a6c800 Decode error: NS_ERROR_DOM_MEDIA_METADATA_ERR (0x806e0006): file /build/firefox-3wnhso/firefox-84.0.2+build1/dom/media/MediaDecoderStateMachine.cpp:3471
[Child 94928, MediaDecoderStateMachine #1] WARNING: Decoder=7fa877a67800 state=DECODING_METADATA Decode metadata failed, shutting down decoder: file /build/firefox-3wnhso/firefox-84.0.2+build1/dom/media/MediaDecoderStateMachine.cpp:376
[Child 94928, MediaDecoderStateMachine #1] WARNING: Decoder=7fa877a67800 Decode error: NS_ERROR_DOM_MEDIA_METADATA_ERR (0x806e0006): file /build/firefox-3wnhso/firefox-84.0.2+build1/dom/media/MediaDecoderStateMachine.cpp:3471
[Child 94928, MediaDecoderStateMachine #1] WARNING: Decoder=7fa877a66c00 state=DECODING_METADATA Decode metadata failed, shutting down decoder: file /build/firefox-3wnhso/firefox-84.0.2+build1/dom/media/MediaDecoderStateMachine.cpp:376
[Child 94928, MediaDecoderStateMachine #1] WARNING: Decoder=7fa877a66c00 Decode error: NS_ERROR_DOM_MEDIA_METADATA_ERR (0x806e0006): file /build/firefox-3wnhso/firefox-84.0.2+build1/dom/media/MediaDecoderStateMachine.cpp:3471
1610735993696	mozrunner::runner	INFO	Running command: "/usr/bin/firefox" "-marionette" "-foreground" "-no-remote" "-profile" "/tmp/rust_mozprofile.Qqayc2fxoGU3"
console.warn: SearchSettings: "get: No settings file exists, new profile?" (new Error("", "(unknown module)"))
1610736000167	Marionette	INFO	Listening on port 33825
1610736000243	Marionette	WARN	TLS certificate errors will be ignored for this session
1610736004443	Marionette	WARN	Ignoring event 'DOMContentLoaded' because document has an invalid readyState of 'complete'.
JavaScript error: resource://activity-stream/lib/ASRouter.jsm, line 987: NS_ERROR_ILLEGAL_VALUE: Component returned failure code: 0x80070057 (NS_ERROR_ILLEGAL_VALUE) [nsIObserverService.removeObserver]
1610736044474	Marionette	INFO	Stopped listening on port 33825
JavaScript error: resource://activity-stream/lib/ASRouter.jsm, line 987: NS_ERROR_ILLEGAL_VALUE: Component returned failure code: 0x80070057 (NS_ERROR_ILLEGAL_VALUE) [nsIObserverService.removeObserver]
console.error: services.settings: 
  Message: TypeError: NetworkError when attempting to fetch resource.
  Stack:
    timedFetch/<@resource://services-common/kinto-http-client.js:549:22
timedFetch@resource://services-common/kinto-http-client.js:527:20
request@resource://services-common/kinto-http-client.js:613:41
execute@resource://services-common/kinto-http-client.js:2400:44
_fetchChangeset@resource://services-settings/RemoteSettingsClient.jsm:1038:22
_importChanges@resource://services-settings/RemoteSettingsClient.jsm:890:20
maybeSync@resource://services-settings/RemoteSettingsClient.jsm:595:35
observe@resource://gre/modules/AsyncShutdown.jsm:573:16

1610736099223	Marionette	INFO	Stopped listening on port 36101
1610737379367	mozrunner::runner	INFO	Running command: "/usr/bin/firefox" "-marionette" "-foreground" "-no-remote" "-profile" "/tmp/rust_mozprofile.OHrdUyriMHky"
console.warn: SearchSettings: "get: No settings file exists, new profile?" (new Error("", "(unknown module)"))
1610737394856	Marionette	INFO	Listening on port 43337
1610737395134	Marionette	WARN	TLS certificate errors will be ignored for this session
1610737400023	Marionette	WARN	Ignoring event 'DOMContentLoaded' because document has an invalid readyState of 'complete'.
[Child 96721, MediaDecoderStateMachine #1] WARNING: Decoder=7f1c8f365800 state=DECODING_METADATA Decode metadata failed, shutting down decoder: file /build/firefox-3wnhso/firefox-84.0.2+build1/dom/media/MediaDecoderStateMachine.cpp:376
[Child 96721, MediaDecoderStateMachine #1] WARNING: Decoder=7f1c8f365800 Decode error: NS_ERROR_DOM_MEDIA_METADATA_ERR (0x806e0006): file /build/firefox-3wnhso/firefox-84.0.2+build1/dom/media/MediaDecoderStateMachine.cpp:3471
[Child 96721, MediaDecoderStateMachine #1] WARNING: Decoder=7f1c8f366c00 state=DECODING_METADATA Decode metadata failed, shutting down decoder: file /build/firefox-3wnhso/firefox-84.0.2+build1/dom/media/MediaDecoderStateMachine.cpp:376
[Child 96721, MediaDecoderStateMachine #1] WARNING: Decoder=7f1c8f366c00 Decode error: NS_ERROR_DOM_MEDIA_METADATA_ERR (0x806e0006): file /build/firefox-3wnhso/firefox-84.0.2+build1/dom/media/MediaDecoderStateMachine.cpp:3471
[Child 96721, MediaDecoderStateMachine #1] WARNING: Decoder=7f1c8f363000 state=DECODING_METADATA Decode metadata failed, shutting down decoder: file /build/firefox-3wnhso/firefox-84.0.2+build1/dom/media/MediaDecoderStateMachine.cpp:376
[Child 96721, MediaDecoderStateMachine #1] WARNING: Decoder=7f1c8f363000 Decode error: NS_ERROR_DOM_MEDIA_METADATA_ERR (0x806e0006): file /build/firefox-3wnhso/firefox-84.0.2+build1/dom/media/MediaDecoderStateMachine.cpp:3471
1610737416343	Marionette	INFO	Stopped listening on port 43337
JavaScript error: resource://activity-stream/lib/ASRouter.jsm, line 987: NS_ERROR_ILLEGAL_VALUE: Component returned failure code: 0x80070057 (NS_ERROR_ILLEGAL_VALUE) [nsIObserverService.removeObserver]
IPDL protocol error: Handler returned error code!

###!!! [Parent][DispatchAsyncMessage] Error: PLayerTransaction::Msg_ReleaseLayer Processing error: message was deserialized, but the handler returned false (indicating failure)


###!!! [Child][RunMessage] Error: Channel closing: too late to send/recv, messages will be lost


###!!! [Child][RunMessage] Error: Channel closing: too late to send/recv, messages will be lost

1610737476017	mozrunner::runner	INFO	Running command: "/usr/bin/firefox" "-marionette" "-foreground" "-no-remote" "-profile" "/tmp/rust_mozprofile.4kD0V3E2T73e"
console.warn: SearchSettings: "get: No settings file exists, new profile?" (new Error("", "(unknown module)"))
1610737484211	Marionette	INFO	Listening on port 45577
1610737484291	Marionette	WARN	TLS certificate errors will be ignored for this session
1610737488617	Marionette	WARN	Ignoring event 'DOMContentLoaded' because document has an invalid readyState of 'complete'.
[Child 97118, MediaDecoderStateMachine #1] WARNING: Decoder=7f0315618c00 state=DECODING_METADATA Decode metadata failed, shutting down decoder: file /build/firefox-3wnhso/firefox-84.0.2+build1/dom/media/MediaDecoderStateMachine.cpp:376
[Child 97118, MediaDecoderStateMachine #1] WARNING: Decoder=7f0315618c00 Decode error: NS_ERROR_DOM_MEDIA_METADATA_ERR (0x806e0006): file /build/firefox-3wnhso/firefox-84.0.2+build1/dom/media/MediaDecoderStateMachine.cpp:3471
1610737704413	mozrunner::runner	INFO	Running command: "/usr/bin/firefox" "-marionette" "-foreground" "-no-remote" "-profile" "/tmp/rust_mozprofile.buQ2WSCY2yI7"
console.warn: SearchSettings: "get: No settings file exists, new profile?" (new Error("", "(unknown module)"))
1610737709747	Marionette	INFO	Listening on port 38307
1610737709871	Marionette	WARN	TLS certificate errors will be ignored for this session
1610737713853	Marionette	WARN	Ignoring event 'DOMContentLoaded' because document has an invalid readyState of 'complete'.
1610737738739	mozrunner::runner	INFO	Running command: "/usr/bin/firefox" "-marionette" "-foreground" "-no-remote" "-profile" "/tmp/rust_mozprofile.oZXExhY6pouo"
console.warn: SearchSettings: "get: No settings file exists, new profile?" (new Error("", "(unknown module)"))
1610737744712	Marionette	INFO	Listening on port 33113
1610737744784	Marionette	WARN	TLS certificate errors will be ignored for this session
1610737749212	Marionette	WARN	Ignoring event 'DOMContentLoaded' because document has an invalid readyState of 'complete'.
[Child 97816, MediaDecoderStateMachine #1] WARNING: Decoder=7f1030810c00 state=DECODING_METADATA Decode metadata failed, shutting down decoder: file /build/firefox-3wnhso/firefox-84.0.2+build1/dom/media/MediaDecoderStateMachine.cpp:376
[Child 97816, MediaDecoderStateMachine #1] WARNING: Decoder=7f1030810c00 Decode error: NS_ERROR_DOM_MEDIA_METADATA_ERR (0x806e0006): file /build/firefox-3wnhso/firefox-84.0.2+build1/dom/media/MediaDecoderStateMachine.cpp:3471
1610737798665	mozrunner::runner	INFO	Running command: "/usr/bin/firefox" "-marionette" "-foreground" "-no-remote" "-profile" "/tmp/rust_mozprofile.pOhBDdBZtmGH"
JavaScript error: resource://activity-stream/lib/ASRouter.jsm, line 987: NS_ERROR_ILLEGAL_VALUE: Component returned failure code: 0x80070057 (NS_ERROR_ILLEGAL_VALUE) [nsIObserverService.removeObserver]
JavaScript error: resource://activity-stream/lib/ASRouter.jsm, line 987: NS_ERROR_ILLEGAL_VALUE: Component returned failure code: 0x80070057 (NS_ERROR_ILLEGAL_VALUE) [nsIObserverService.removeObserver]
1610737802930	Marionette	INFO	Stopped listening on port 45577
JavaScript error: resource://activity-stream/lib/ASRouter.jsm, line 987: NS_ERROR_ILLEGAL_VALUE: Component returned failure code: 0x80070057 (NS_ERROR_ILLEGAL_VALUE) [nsIObserverService.removeObserver]
1610737803476	Marionette	INFO	Stopped listening on port 38307
console.warn: SearchSettings: "get: No settings file exists, new profile?" (new Error("", "(unknown module)"))
1610737805146	Marionette	INFO	Stopped listening on port 33113
1610737805501	Marionette	INFO	Listening on port 45151
1610737805625	Marionette	WARN	TLS certificate errors will be ignored for this session
1610737809475	Marionette	WARN	Ignoring event 'DOMContentLoaded' because document has an invalid readyState of 'complete'.
[Child 98137, MediaDecoderStateMachine #1] WARNING: Decoder=7f3ef4a2a000 state=DECODING_METADATA Decode metadata failed, shutting down decoder: file /build/firefox-3wnhso/firefox-84.0.2+build1/dom/media/MediaDecoderStateMachine.cpp:376
[Child 98137, MediaDecoderStateMachine #1] WARNING: Decoder=7f3ef4a2a000 Decode error: NS_ERROR_DOM_MEDIA_METADATA_ERR (0x806e0006): file /build/firefox-3wnhso/firefox-84.0.2+build1/dom/media/MediaDecoderStateMachine.cpp:3471
1610737865057	mozrunner::runner	INFO	Running command: "/usr/bin/firefox" "-marionette" "-foreground" "-no-remote" "-profile" "/tmp/rust_mozprofile.Hhm90mwiFx4Y"
console.warn: SearchSettings: "get: No settings file exists, new profile?" (new Error("", "(unknown module)"))
1610737870265	Marionette	INFO	Listening on port 39995
1610737870304	Marionette	WARN	TLS certificate errors will be ignored for this session
1610737874790	Marionette	WARN	Ignoring event 'DOMContentLoaded' because document has an invalid readyState of 'complete'.
[Child 98555, MediaDecoderStateMachine #1] WARNING: Decoder=7f0d66590800 state=DECODING_METADATA Decode metadata failed, shutting down decoder: file /build/firefox-3wnhso/firefox-84.0.2+build1/dom/media/MediaDecoderStateMachine.cpp:376
[Child 98555, MediaDecoderStateMachine #1] WARNING: Decoder=7f0d66590800 Decode error: NS_ERROR_DOM_MEDIA_METADATA_ERR (0x806e0006): file /build/firefox-3wnhso/firefox-84.0.2+build1/dom/media/MediaDecoderStateMachine.cpp:3471
[Child 98555, MediaDecoderStateMachine #1] WARNING: Decoder=7f0d6ef7dc00 state=DECODING_METADATA Decode metadata failed, shutting down decoder: file /build/firefox-3wnhso/firefox-84.0.2+build1/dom/media/MediaDecoderStateMachine.cpp:376
[Child 98555, MediaDecoderStateMachine #1] WARNING: Decoder=7f0d6ef7dc00 Decode error: NS_ERROR_DOM_MEDIA_METADATA_ERR (0x806e0006): file /build/firefox-3wnhso/firefox-84.0.2+build1/dom/media/MediaDecoderStateMachine.cpp:3471
[Child 98555, MediaDecoderStateMachine #1] WARNING: Decoder=7f0d6f1a4000 state=DECODING_METADATA Decode metadata failed, shutting down decoder: file /build/firefox-3wnhso/firefox-84.0.2+build1/dom/media/MediaDecoderStateMachine.cpp:376
[Child 98555, MediaDecoderStateMachine #1] WARNING: Decoder=7f0d6f1a4000 Decode error: NS_ERROR_DOM_MEDIA_METADATA_ERR (0x806e0006): file /build/firefox-3wnhso/firefox-84.0.2+build1/dom/media/MediaDecoderStateMachine.cpp:3471
1610737935674	mozrunner::runner	INFO	Running command: "/usr/bin/firefox" "-marionette" "-foreground" "-no-remote" "-profile" "/tmp/rust_mozprofile.6bHvErW3IS10"
console.warn: SearchSettings: "get: No settings file exists, new profile?" (new Error("", "(unknown module)"))
1610737942592	Marionette	INFO	Listening on port 34397
1610737942733	Marionette	WARN	TLS certificate errors will be ignored for this session
1610737947099	Marionette	WARN	Ignoring event 'DOMContentLoaded' because document has an invalid readyState of 'complete'.
1610737955874	Marionette	INFO	Stopped listening on port 34397
JavaScript error: resource://activity-stream/lib/ASRouter.jsm, line 987: NS_ERROR_ILLEGAL_VALUE: Component returned failure code: 0x80070057 (NS_ERROR_ILLEGAL_VALUE) [nsIObserverService.removeObserver]
JavaScript error: resource://gre/modules/UrlClassifierListManager.jsm, line 691: TypeError: this.tablesData[table] is undefined
JavaScript error: resource://activity-stream/lib/ASRouter.jsm, line 987: NS_ERROR_ILLEGAL_VALUE: Component returned failure code: 0x80070057 (NS_ERROR_ILLEGAL_VALUE) [nsIObserverService.removeObserver]
1610737956914	Marionette	INFO	Stopped listening on port 45151
1610737957654	Marionette	INFO	Stopped listening on port 39995
1610738054900	mozrunner::runner	INFO	Running command: "/usr/bin/firefox" "-marionette" "-foreground" "-no-remote" "-profile" "/tmp/rust_mozprofile.iiC82IMZq15P"
console.warn: SearchSettings: "get: No settings file exists, new profile?" (new Error("", "(unknown module)"))
1610738059642	Marionette	INFO	Listening on port 35047
1610738059759	Marionette	WARN	TLS certificate errors will be ignored for this session
1610738063884	Marionette	WARN	Ignoring event 'DOMContentLoaded' because document has an invalid readyState of 'complete'.
[Child 99242, MediaDecoderStateMachine #1] WARNING: Decoder=7fef6555ac00 state=DECODING_METADATA Decode metadata failed, shutting down decoder: file /build/firefox-3wnhso/firefox-84.0.2+build1/dom/media/MediaDecoderStateMachine.cpp:376
[Child 99242, MediaDecoderStateMachine #1] WARNING: Decoder=7fef6555ac00 Decode error: NS_ERROR_DOM_MEDIA_METADATA_ERR (0x806e0006): file /build/firefox-3wnhso/firefox-84.0.2+build1/dom/media/MediaDecoderStateMachine.cpp:3471
[Child 99242, MediaDecoderStateMachine #1] WARNING: Decoder=7fef6555a000 state=DECODING_METADATA Decode metadata failed, shutting down decoder: file /build/firefox-3wnhso/firefox-84.0.2+build1/dom/media/MediaDecoderStateMachine.cpp:376
[Child 99242, MediaDecoderStateMachine #1] WARNING: Decoder=7fef6555a000 Decode error: NS_ERROR_DOM_MEDIA_METADATA_ERR (0x806e0006): file /build/firefox-3wnhso/firefox-84.0.2+build1/dom/media/MediaDecoderStateMachine.cpp:3471
[Child 99242, MediaDecoderStateMachine #1] WARNING: Decoder=7fef65559400 state=DECODING_METADATA Decode metadata failed, shutting down decoder: file /build/firefox-3wnhso/firefox-84.0.2+build1/dom/media/MediaDecoderStateMachine.cpp:376
[Child 99242, MediaDecoderStateMachine #1] WARNING: Decoder=7fef65559400 Decode error: NS_ERROR_DOM_MEDIA_METADATA_ERR (0x806e0006): file /build/firefox-3wnhso/firefox-84.0.2+build1/dom/media/MediaDecoderStateMachine.cpp:3471
JavaScript error: resource://activity-stream/lib/ASRouter.jsm, line 987: NS_ERROR_ILLEGAL_VALUE: Component returned failure code: 0x80070057 (NS_ERROR_ILLEGAL_VALUE) [nsIObserverService.removeObserver]
1610738281243	Marionette	INFO	Stopped listening on port 35047
1610738362195	mozrunner::runner	INFO	Running command: "/usr/bin/firefox" "-marionette" "-foreground" "-no-remote" "-profile" "/tmp/rust_mozprofile.DFUIOSI3CcSE"
console.warn: SearchSettings: "get: No settings file exists, new profile?" (new Error("", "(unknown module)"))
1610738367536	Marionette	INFO	Listening on port 35485
1610738367639	Marionette	WARN	TLS certificate errors will be ignored for this session
1610738372498	Marionette	WARN	Ignoring event 'DOMContentLoaded' because document has an invalid readyState of 'complete'.
[Child 99671, MediaDecoderStateMachine #1] WARNING: Decoder=7fd7d24b3000 state=DECODING_METADATA Decode metadata failed, shutting down decoder: file /build/firefox-3wnhso/firefox-84.0.2+build1/dom/media/MediaDecoderStateMachine.cpp:376
[Child 99671, MediaDecoderStateMachine #1] WARNING: Decoder=7fd7d24b3000 Decode error: NS_ERROR_DOM_MEDIA_METADATA_ERR (0x806e0006): file /build/firefox-3wnhso/firefox-84.0.2+build1/dom/media/MediaDecoderStateMachine.cpp:3471
[Child 99671, MediaDecoderStateMachine #1] WARNING: Decoder=7fd7d21d0800 state=DECODING_METADATA Decode metadata failed, shutting down decoder: file /build/firefox-3wnhso/firefox-84.0.2+build1/dom/media/MediaDecoderStateMachine.cpp:376
[Child 99671, MediaDecoderStateMachine #1] WARNING: Decoder=7fd7d21d0800 Decode error: NS_ERROR_DOM_MEDIA_METADATA_ERR (0x806e0006): file /build/firefox-3wnhso/firefox-84.0.2+build1/dom/media/MediaDecoderStateMachine.cpp:3471
1610738415340	Marionette	INFO	Stopped listening on port 35485
1610738435374	mozrunner::runner	INFO	Running command: "/usr/bin/firefox" "-marionette" "-foreground" "-no-remote" "-profile" "/tmp/rust_mozprofile.dwWvq0TNDo2L"
console.warn: SearchSettings: "get: No settings file exists, new profile?" (new Error("", "(unknown module)"))
1610738440364	Marionette	INFO	Listening on port 43337
1610738440450	Marionette	WARN	TLS certificate errors will be ignored for this session
1610738444520	Marionette	WARN	Ignoring event 'DOMContentLoaded' because document has an invalid readyState of 'complete'.
[Child 100036, MediaDecoderStateMachine #1] WARNING: Decoder=7f9f4fc16c00 state=DECODING_METADATA Decode metadata failed, shutting down decoder: file /build/firefox-3wnhso/firefox-84.0.2+build1/dom/media/MediaDecoderStateMachine.cpp:376
[Child 100036, MediaDecoderStateMachine #1] WARNING: Decoder=7f9f4fc16c00 Decode error: NS_ERROR_DOM_MEDIA_METADATA_ERR (0x806e0006): file /build/firefox-3wnhso/firefox-84.0.2+build1/dom/media/MediaDecoderStateMachine.cpp:3471
1610738528356	mozrunner::runner	INFO	Running command: "/usr/bin/firefox" "-marionette" "-foreground" "-no-remote" "-profile" "/tmp/rust_mozprofile.GBsIjychFUTL"
JavaScript error: resource://activity-stream/lib/ASRouter.jsm, line 987: NS_ERROR_ILLEGAL_VALUE: Component returned failure code: 0x80070057 (NS_ERROR_ILLEGAL_VALUE) [nsIObserverService.removeObserver]
1610738531484	Marionette	INFO	Stopped listening on port 43337
console.warn: SearchSettings: "get: No settings file exists, new profile?" (new Error("", "(unknown module)"))
1610738533608	Marionette	INFO	Listening on port 33927
1610738533778	Marionette	WARN	TLS certificate errors will be ignored for this session
1610738538013	Marionette	WARN	Ignoring event 'DOMContentLoaded' because document has an invalid readyState of 'complete'.
[Child 100378, MediaDecoderStateMachine #1] WARNING: Decoder=7fb8cbbf5000 state=DECODING_METADATA Decode metadata failed, shutting down decoder: file /build/firefox-3wnhso/firefox-84.0.2+build1/dom/media/MediaDecoderStateMachine.cpp:376
[Child 100378, MediaDecoderStateMachine #1] WARNING: Decoder=7fb8cbbf5000 Decode error: NS_ERROR_DOM_MEDIA_METADATA_ERR (0x806e0006): file /build/firefox-3wnhso/firefox-84.0.2+build1/dom/media/MediaDecoderStateMachine.cpp:3471
[Child 100378, MediaDecoderStateMachine #1] WARNING: Decoder=7fb8d4180400 state=DECODING_METADATA Decode metadata failed, shutting down decoder: file /build/firefox-3wnhso/firefox-84.0.2+build1/dom/media/MediaDecoderStateMachine.cpp:376
[Child 100378, MediaDecoderStateMachine #1] WARNING: Decoder=7fb8d4180400 Decode error: NS_ERROR_DOM_MEDIA_METADATA_ERR (0x806e0006): file /build/firefox-3wnhso/firefox-84.0.2+build1/dom/media/MediaDecoderStateMachine.cpp:3471
[Child 100378, MediaDecoderStateMachine #1] WARNING: Decoder=7fb8d417c400 state=DECODING_METADATA Decode metadata failed, shutting down decoder: file /build/firefox-3wnhso/firefox-84.0.2+build1/dom/media/MediaDecoderStateMachine.cpp:376
[Child 100378, MediaDecoderStateMachine #1] WARNING: Decoder=7fb8d417c400 Decode error: NS_ERROR_DOM_MEDIA_METADATA_ERR (0x806e0006): file /build/firefox-3wnhso/firefox-84.0.2+build1/dom/media/MediaDecoderStateMachine.cpp:3471
[Child 100378, MediaDecoderStateMachine #1] WARNING: Decoder=7fb8cc025400 state=DECODING_METADATA Decode metadata failed, shutting down decoder: file /build/firefox-3wnhso/firefox-84.0.2+build1/dom/media/MediaDecoderStateMachine.cpp:376
[Child 100378, MediaDecoderStateMachine #1] WARNING: Decoder=7fb8cc025400 Decode error: NS_ERROR_DOM_MEDIA_METADATA_ERR (0x806e0006): file /build/firefox-3wnhso/firefox-84.0.2+build1/dom/media/MediaDecoderStateMachine.cpp:3471
1610738567106	mozrunner::runner	INFO	Running command: "/usr/bin/firefox" "-marionette" "-foreground" "-no-remote" "-profile" "/tmp/rust_mozprofile.TJefxdNmKUuA"
console.warn: SearchSettings: "get: No settings file exists, new profile?" (new Error("", "(unknown module)"))
1610738571690	Marionette	INFO	Listening on port 45189
1610738571770	Marionette	WARN	TLS certificate errors will be ignored for this session
1610738575796	Marionette	WARN	Ignoring event 'DOMContentLoaded' because document has an invalid readyState of 'complete'.
[Child 100704, MediaDecoderStateMachine #1] WARNING: Decoder=7f692f650000 state=DECODING_METADATA Decode metadata failed, shutting down decoder: file /build/firefox-3wnhso/firefox-84.0.2+build1/dom/media/MediaDecoderStateMachine.cpp:376
[Child 100704, MediaDecoderStateMachine #1] WARNING: Decoder=7f692f650000 Decode error: NS_ERROR_DOM_MEDIA_METADATA_ERR (0x806e0006): file /build/firefox-3wnhso/firefox-84.0.2+build1/dom/media/MediaDecoderStateMachine.cpp:3471
[Child 100704, MediaDecoderStateMachine #1] WARNING: Decoder=7f692f652000 state=DECODING_METADATA Decode metadata failed, shutting down decoder: file /build/firefox-3wnhso/firefox-84.0.2+build1/dom/media/MediaDecoderStateMachine.cpp:376
[Child 100704, MediaDecoderStateMachine #1] WARNING: Decoder=7f692f652000 Decode error: NS_ERROR_DOM_MEDIA_METADATA_ERR (0x806e0006): file /build/firefox-3wnhso/firefox-84.0.2+build1/dom/media/MediaDecoderStateMachine.cpp:3471
[Child 100704, MediaDecoderStateMachine #1] WARNING: Decoder=7f692f64dc00 state=DECODING_METADATA Decode metadata failed, shutting down decoder: file /build/firefox-3wnhso/firefox-84.0.2+build1/dom/media/MediaDecoderStateMachine.cpp:376
[Child 100704, MediaDecoderStateMachine #1] WARNING: Decoder=7f692f64dc00 Decode error: NS_ERROR_DOM_MEDIA_METADATA_ERR (0x806e0006): file /build/firefox-3wnhso/firefox-84.0.2+build1/dom/media/MediaDecoderStateMachine.cpp:3471
[Child 100704, MediaDecoderStateMachine #1] WARNING: Decoder=7f693470d800 state=DECODING_METADATA Decode metadata failed, shutting down decoder: file /build/firefox-3wnhso/firefox-84.0.2+build1/dom/media/MediaDecoderStateMachine.cpp:376
[Child 100704, MediaDecoderStateMachine #1] WARNING: Decoder=7f693470d800 Decode error: NS_ERROR_DOM_MEDIA_METADATA_ERR (0x806e0006): file /build/firefox-3wnhso/firefox-84.0.2+build1/dom/media/MediaDecoderStateMachine.cpp:3471
JavaScript error: resource://activity-stream/lib/ASRouter.jsm, line 987: NS_ERROR_ILLEGAL_VALUE: Component returned failure code: 0x80070057 (NS_ERROR_ILLEGAL_VALUE) [nsIObserverService.removeObserver]
1610738606915	Marionette	INFO	Stopped listening on port 45189
1610738755974	mozrunner::runner	INFO	Running command: "/usr/bin/firefox" "-marionette" "-foreground" "-no-remote" "-profile" "/tmp/rust_mozprofile.D1XxBmcskAr8"
console.warn: SearchSettings: "get: No settings file exists, new profile?" (new Error("", "(unknown module)"))
1610738761239	Marionette	INFO	Listening on port 40431
1610738761446	Marionette	WARN	TLS certificate errors will be ignored for this session
1610738766565	Marionette	WARN	Ignoring event 'DOMContentLoaded' because document has an invalid readyState of 'complete'.
[Child 101102, MediaDecoderStateMachine #1] WARNING: Decoder=7f2691564000 state=DECODING_METADATA Decode metadata failed, shutting down decoder: file /build/firefox-3wnhso/firefox-84.0.2+build1/dom/media/MediaDecoderStateMachine.cpp:376
[Child 101102, MediaDecoderStateMachine #1] WARNING: Decoder=7f2691564000 Decode error: NS_ERROR_DOM_MEDIA_METADATA_ERR (0x806e0006): file /build/firefox-3wnhso/firefox-84.0.2+build1/dom/media/MediaDecoderStateMachine.cpp:3471
[Child 101102, MediaDecoderStateMachine #1] WARNING: Decoder=7f269156b400 state=DECODING_METADATA Decode metadata failed, shutting down decoder: file /build/firefox-3wnhso/firefox-84.0.2+build1/dom/media/MediaDecoderStateMachine.cpp:376
[Child 101102, MediaDecoderStateMachine #1] WARNING: Decoder=7f269156b400 Decode error: NS_ERROR_DOM_MEDIA_METADATA_ERR (0x806e0006): file /build/firefox-3wnhso/firefox-84.0.2+build1/dom/media/MediaDecoderStateMachine.cpp:3471
[Child 101102, MediaDecoderStateMachine #1] WARNING: Decoder=7f26918f8400 state=DECODING_METADATA Decode metadata failed, shutting down decoder: file /build/firefox-3wnhso/firefox-84.0.2+build1/dom/media/MediaDecoderStateMachine.cpp:376
[Child 101102, MediaDecoderStateMachine #1] WARNING: Decoder=7f26918f8400 Decode error: NS_ERROR_DOM_MEDIA_METADATA_ERR (0x806e0006): file /build/firefox-3wnhso/firefox-84.0.2+build1/dom/media/MediaDecoderStateMachine.cpp:3471
[Child 101102, MediaDecoderStateMachine #1] WARNING: Decoder=7f2691566000 state=DECODING_METADATA Decode metadata failed, shutting down decoder: file /build/firefox-3wnhso/firefox-84.0.2+build1/dom/media/MediaDecoderStateMachine.cpp:376
[Child 101102, MediaDecoderStateMachine #1] WARNING: Decoder=7f2691566000 Decode error: NS_ERROR_DOM_MEDIA_METADATA_ERR (0x806e0006): file /build/firefox-3wnhso/firefox-84.0.2+build1/dom/media/MediaDecoderStateMachine.cpp:3471
1610739065866	mozrunner::runner	INFO	Running command: "/usr/bin/firefox" "-marionette" "-foreground" "-no-remote" "-profile" "/tmp/rust_mozprofile.BqkBaeZC5xoW"
console.warn: SearchSettings: "get: No settings file exists, new profile?" (new Error("", "(unknown module)"))
1610739072627	Marionette	INFO	Listening on port 41263
1610739072725	Marionette	WARN	TLS certificate errors will be ignored for this session
1610739077457	Marionette	WARN	Ignoring event 'DOMContentLoaded' because document has an invalid readyState of 'complete'.
1610739117121	mozrunner::runner	INFO	Running command: "/usr/bin/firefox" "-marionette" "-foreground" "-no-remote" "-profile" "/tmp/rust_mozprofile.kQu3f7boo8KN"
console.warn: SearchSettings: "get: No settings file exists, new profile?" (new Error("", "(unknown module)"))
1610739125966	Marionette	INFO	Listening on port 43887
1610739126399	Marionette	WARN	TLS certificate errors will be ignored for this session
1610739130445	Marionette	WARN	Ignoring event 'DOMContentLoaded' because document has an invalid readyState of 'complete'.
[Child 101946, MediaDecoderStateMachine #1] WARNING: Decoder=7f1cbbd76400 state=DECODING_METADATA Decode metadata failed, shutting down decoder: file /build/firefox-3wnhso/firefox-84.0.2+build1/dom/media/MediaDecoderStateMachine.cpp:376
[Child 101946, MediaDecoderStateMachine #1] WARNING: Decoder=7f1cbbd76400 Decode error: NS_ERROR_DOM_MEDIA_METADATA_ERR (0x806e0006): file /build/firefox-3wnhso/firefox-84.0.2+build1/dom/media/MediaDecoderStateMachine.cpp:3471
[Child 101946, MediaDecoderStateMachine #1] WARNING: Decoder=7f1cb2ba0400 state=DECODING_METADATA Decode metadata failed, shutting down decoder: file /build/firefox-3wnhso/firefox-84.0.2+build1/dom/media/MediaDecoderStateMachine.cpp:376
[Child 101946, MediaDecoderStateMachine #1] WARNING: Decoder=7f1cb2ba0400 Decode error: NS_ERROR_DOM_MEDIA_METADATA_ERR (0x806e0006): file /build/firefox-3wnhso/firefox-84.0.2+build1/dom/media/MediaDecoderStateMachine.cpp:3471
[Child 101946, MediaDecoderStateMachine #1] WARNING: Decoder=7f1cbc9f5000 state=DECODING_METADATA Decode metadata failed, shutting down decoder: file /build/firefox-3wnhso/firefox-84.0.2+build1/dom/media/MediaDecoderStateMachine.cpp:376
[Child 101946, MediaDecoderStateMachine #1] WARNING: Decoder=7f1cbc9f5000 Decode error: NS_ERROR_DOM_MEDIA_METADATA_ERR (0x806e0006): file /build/firefox-3wnhso/firefox-84.0.2+build1/dom/media/MediaDecoderStateMachine.cpp:3471
[Child 101946, MediaDecoderStateMachine #1] WARNING: Decoder=7f1caa47c800 state=DECODING_METADATA Decode metadata failed, shutting down decoder: file /build/firefox-3wnhso/firefox-84.0.2+build1/dom/media/MediaDecoderStateMachine.cpp:376
[Child 101946, MediaDecoderStateMachine #1] WARNING: Decoder=7f1caa47c800 Decode error: NS_ERROR_DOM_MEDIA_METADATA_ERR (0x806e0006): file /build/firefox-3wnhso/firefox-84.0.2+build1/dom/media/MediaDecoderStateMachine.cpp:3471
[Child 101946, MediaDecoderStateMachine #1] WARNING: Decoder=7f1cb69c5800 state=DECODING_METADATA Decode metadata failed, shutting down decoder: file /build/firefox-3wnhso/firefox-84.0.2+build1/dom/media/MediaDecoderStateMachine.cpp:376
[Child 101946, MediaDecoderStateMachine #1] WARNING: Decoder=7f1cb69c5800 Decode error: NS_ERROR_DOM_MEDIA_METADATA_ERR (0x806e0006): file /build/firefox-3wnhso/firefox-84.0.2+build1/dom/media/MediaDecoderStateMachine.cpp:3471
[Child 101946, MediaDecoderStateMachine #1] WARNING: Decoder=7f1cb2b9e000 state=DECODING_METADATA Decode metadata failed, shutting down decoder: file /build/firefox-3wnhso/firefox-84.0.2+build1/dom/media/MediaDecoderStateMachine.cpp:376
[Child 101946, MediaDecoderStateMachine #1] WARNING: Decoder=7f1cb2b9e000 Decode error: NS_ERROR_DOM_MEDIA_METADATA_ERR (0x806e0006): file /build/firefox-3wnhso/firefox-84.0.2+build1/dom/media/MediaDecoderStateMachine.cpp:3471
[Child 101946, MediaDecoderStateMachine #1] WARNING: Decoder=7f1caa479c00 state=DECODING_METADATA Decode metadata failed, shutting down decoder: file /build/firefox-3wnhso/firefox-84.0.2+build1/dom/media/MediaDecoderStateMachine.cpp:376
[Child 101946, MediaDecoderStateMachine #1] WARNING: Decoder=7f1caa479c00 Decode error: NS_ERROR_DOM_MEDIA_METADATA_ERR (0x806e0006): file /build/firefox-3wnhso/firefox-84.0.2+build1/dom/media/MediaDecoderStateMachine.cpp:3471
JavaScript error: resource://activity-stream/lib/ASRouter.jsm, line 987: NS_ERROR_ILLEGAL_VALUE: Component returned failure code: 0x80070057 (NS_ERROR_ILLEGAL_VALUE) [nsIObserverService.removeObserver]
1610739183525	Marionette	INFO	Stopped listening on port 33927
JavaScript error: resource://activity-stream/lib/ASRouter.jsm, line 987: NS_ERROR_ILLEGAL_VALUE: Component returned failure code: 0x80070057 (NS_ERROR_ILLEGAL_VALUE) [nsIObserverService.removeObserver]
1610739187015	Marionette	INFO	Stopped listening on port 40431
1610739188487	Marionette	INFO	Stopped listening on port 41263
1610739190065	Marionette	INFO	Stopped listening on port 43887
1610739199479	mozrunner::runner	INFO	Running command: "/usr/bin/firefox" "-marionette" "-foreground" "-no-remote" "-profile" "/tmp/rust_mozprofile.IBULond4lKcn"
1610739206028	mozrunner::runner	INFO	Running command: "/usr/bin/firefox" "-marionette" "-foreground" "-no-remote" "-profile" "/tmp/rust_mozprofile.6DWX7ioiTUzK"
console.warn: SearchSettings: "get: No settings file exists, new profile?" (new Error("", "(unknown module)"))
1610739238348	Marionette	INFO	Listening on port 35569
1610739238560	Marionette	WARN	TLS certificate errors will be ignored for this session
1610739245564	Marionette	WARN	Ignoring event 'DOMContentLoaded' because document has an invalid readyState of 'complete'.
[Child 102453, MediaDecoderStateMachine #1] WARNING: Decoder=7fe3056a8400 state=DECODING_METADATA Decode metadata failed, shutting down decoder: file /build/firefox-3wnhso/firefox-84.0.2+build1/dom/media/MediaDecoderStateMachine.cpp:376
[Child 102453, MediaDecoderStateMachine #1] WARNING: Decoder=7fe3056a8400 Decode error: NS_ERROR_DOM_MEDIA_METADATA_ERR (0x806e0006): file /build/firefox-3wnhso/firefox-84.0.2+build1/dom/media/MediaDecoderStateMachine.cpp:3471
[Child 102453, MediaDecoderStateMachine #1] WARNING: Decoder=7fe3056a9c00 state=DECODING_METADATA Decode metadata failed, shutting down decoder: file /build/firefox-3wnhso/firefox-84.0.2+build1/dom/media/MediaDecoderStateMachine.cpp:376
[Child 102453, MediaDecoderStateMachine #1] WARNING: Decoder=7fe3056a9c00 Decode error: NS_ERROR_DOM_MEDIA_METADATA_ERR (0x806e0006): file /build/firefox-3wnhso/firefox-84.0.2+build1/dom/media/MediaDecoderStateMachine.cpp:3471
[Child 102453, MediaDecoderStateMachine #1] WARNING: Decoder=7fe3056ab400 state=DECODING_METADATA Decode metadata failed, shutting down decoder: file /build/firefox-3wnhso/firefox-84.0.2+build1/dom/media/MediaDecoderStateMachine.cpp:376
[Child 102453, MediaDecoderStateMachine #1] WARNING: Decoder=7fe3056ab400 Decode error: NS_ERROR_DOM_MEDIA_METADATA_ERR (0x806e0006): file /build/firefox-3wnhso/firefox-84.0.2+build1/dom/media/MediaDecoderStateMachine.cpp:3471
[Child 102453, MediaDecoderStateMachine #1] WARNING: Decoder=7fe3056a8c00 state=DECODING_METADATA Decode metadata failed, shutting down decoder: file /build/firefox-3wnhso/firefox-84.0.2+build1/dom/media/MediaDecoderStateMachine.cpp:376
[Child 102453, MediaDecoderStateMachine #1] WARNING: Decoder=7fe3056a8c00 Decode error: NS_ERROR_DOM_MEDIA_METADATA_ERR (0x806e0006): file /build/firefox-3wnhso/firefox-84.0.2+build1/dom/media/MediaDecoderStateMachine.cpp:3471
[Child 102453, MediaDecoderStateMachine #1] WARNING: Decoder=7fe3056a7800 state=DECODING_METADATA Decode metadata failed, shutting down decoder: file /build/firefox-3wnhso/firefox-84.0.2+build1/dom/media/MediaDecoderStateMachine.cpp:376
[Child 102453, MediaDecoderStateMachine #1] WARNING: Decoder=7fe3056a7800 Decode error: NS_ERROR_DOM_MEDIA_METADATA_ERR (0x806e0006): file /build/firefox-3wnhso/firefox-84.0.2+build1/dom/media/MediaDecoderStateMachine.cpp:3471
[Child 102453, MediaDecoderStateMachine #1] WARNING: Decoder=7fe30571bc00 state=DECODING_METADATA Decode metadata failed, shutting down decoder: file /build/firefox-3wnhso/firefox-84.0.2+build1/dom/media/MediaDecoderStateMachine.cpp:376
[Child 102453, MediaDecoderStateMachine #1] WARNING: Decoder=7fe30571bc00 Decode error: NS_ERROR_DOM_MEDIA_METADATA_ERR (0x806e0006): file /build/firefox-3wnhso/firefox-84.0.2+build1/dom/media/MediaDecoderStateMachine.cpp:3471
[Child 102453, MediaDecoderStateMachine #1] WARNING: Decoder=7fe30571fc00 state=DECODING_METADATA Decode metadata failed, shutting down decoder: file /build/firefox-3wnhso/firefox-84.0.2+build1/dom/media/MediaDecoderStateMachine.cpp:376
[Child 102453, MediaDecoderStateMachine #1] WARNING: Decoder=7fe30571fc00 Decode error: NS_ERROR_DOM_MEDIA_METADATA_ERR (0x806e0006): file /build/firefox-3wnhso/firefox-84.0.2+build1/dom/media/MediaDecoderStateMachine.cpp:3471
1610739411009	mozrunner::runner	INFO	Running command: "/usr/bin/firefox" "-marionette" "-foreground" "-no-remote" "-profile" "/tmp/rust_mozprofile.vpivIYDGoMps"
console.warn: SearchSettings: "get: No settings file exists, new profile?" (new Error("", "(unknown module)"))
1610739418234	Marionette	INFO	Listening on port 41939
1610739418364	Marionette	WARN	TLS certificate errors will be ignored for this session
1610739422369	Marionette	WARN	Ignoring event 'DOMContentLoaded' because document has an invalid readyState of 'complete'.
[Child 102822, MediaDecoderStateMachine #1] WARNING: Decoder=7fbb4c33e000 state=DECODING_METADATA Decode metadata failed, shutting down decoder: file /build/firefox-3wnhso/firefox-84.0.2+build1/dom/media/MediaDecoderStateMachine.cpp:376
[Child 102822, MediaDecoderStateMachine #1] WARNING: Decoder=7fbb4c33e000 Decode error: NS_ERROR_DOM_MEDIA_METADATA_ERR (0x806e0006): file /build/firefox-3wnhso/firefox-84.0.2+build1/dom/media/MediaDecoderStateMachine.cpp:3471
[Child 102822, MediaDecoderStateMachine #1] WARNING: Decoder=7fbb48afb400 state=DECODING_METADATA Decode metadata failed, shutting down decoder: file /build/firefox-3wnhso/firefox-84.0.2+build1/dom/media/MediaDecoderStateMachine.cpp:376
[Child 102822, MediaDecoderStateMachine #1] WARNING: Decoder=7fbb48afb400 Decode error: NS_ERROR_DOM_MEDIA_METADATA_ERR (0x806e0006): file /build/firefox-3wnhso/firefox-84.0.2+build1/dom/media/MediaDecoderStateMachine.cpp:3471
1610739456160	Marionette	INFO	Stopped listening on port 35569
JavaScript error: resource://activity-stream/lib/ASRouter.jsm, line 987: NS_ERROR_ILLEGAL_VALUE: Component returned failure code: 0x80070057 (NS_ERROR_ILLEGAL_VALUE) [nsIObserverService.removeObserver]
1610739457614	Marionette	INFO	Stopped listening on port 41939
1610739462251	mozrunner::runner	INFO	Running command: "/usr/bin/firefox" "-marionette" "-foreground" "-no-remote" "-profile" "/tmp/rust_mozprofile.hsNKdU10Lja4"
console.warn: SearchSettings: "get: No settings file exists, new profile?" (new Error("", "(unknown module)"))
1610739467749	Marionette	INFO	Listening on port 39197
1610739467798	Marionette	WARN	TLS certificate errors will be ignored for this session
1610739471939	Marionette	WARN	Ignoring event 'DOMContentLoaded' because document has an invalid readyState of 'complete'.
[Child 103150, MediaDecoderStateMachine #1] WARNING: Decoder=7f68900d3c00 state=DECODING_METADATA Decode metadata failed, shutting down decoder: file /build/firefox-3wnhso/firefox-84.0.2+build1/dom/media/MediaDecoderStateMachine.cpp:376
[Child 103150, MediaDecoderStateMachine #1] WARNING: Decoder=7f68900d3c00 Decode error: NS_ERROR_DOM_MEDIA_METADATA_ERR (0x806e0006): file /build/firefox-3wnhso/firefox-84.0.2+build1/dom/media/MediaDecoderStateMachine.cpp:3471
[Child 103150, MediaDecoderStateMachine #1] WARNING: Decoder=7f68900d4400 state=DECODING_METADATA Decode metadata failed, shutting down decoder: file /build/firefox-3wnhso/firefox-84.0.2+build1/dom/media/MediaDecoderStateMachine.cpp:376
[Child 103150, MediaDecoderStateMachine #1] WARNING: Decoder=7f68900d4400 Decode error: NS_ERROR_DOM_MEDIA_METADATA_ERR (0x806e0006): file /build/firefox-3wnhso/firefox-84.0.2+build1/dom/media/MediaDecoderStateMachine.cpp:3471
1610739491552	Marionette	INFO	Stopped listening on port 39197
JavaScript error: resource://activity-stream/lib/ASRouter.jsm, line 987: NS_ERROR_ILLEGAL_VALUE: Component returned failure code: 0x80070057 (NS_ERROR_ILLEGAL_VALUE) [nsIObserverService.removeObserver]
1610739629056	mozrunner::runner	INFO	Running command: "/usr/bin/firefox" "-marionette" "-foreground" "-no-remote" "-profile" "/tmp/rust_mozprofile.FaO1fXA87X6Z"
console.warn: SearchSettings: "get: No settings file exists, new profile?" (new Error("", "(unknown module)"))
1610739634035	Marionette	INFO	Listening on port 33041
1610739634221	Marionette	WARN	TLS certificate errors will be ignored for this session
1610739638694	Marionette	WARN	Ignoring event 'DOMContentLoaded' because document has an invalid readyState of 'complete'.
[Child 103508, MediaDecoderStateMachine #1] WARNING: Decoder=7fb443f5b400 state=DECODING_METADATA Decode metadata failed, shutting down decoder: file /build/firefox-3wnhso/firefox-84.0.2+build1/dom/media/MediaDecoderStateMachine.cpp:376
[Child 103508, MediaDecoderStateMachine #1] WARNING: Decoder=7fb443f5b400 Decode error: NS_ERROR_DOM_MEDIA_METADATA_ERR (0x806e0006): file /build/firefox-3wnhso/firefox-84.0.2+build1/dom/media/MediaDecoderStateMachine.cpp:3471
[Child 103508, MediaDecoderStateMachine #1] WARNING: Decoder=7fb443f5e400 state=DECODING_METADATA Decode metadata failed, shutting down decoder: file /build/firefox-3wnhso/firefox-84.0.2+build1/dom/media/MediaDecoderStateMachine.cpp:376
[Child 103508, MediaDecoderStateMachine #1] WARNING: Decoder=7fb443f5e400 Decode error: NS_ERROR_DOM_MEDIA_METADATA_ERR (0x806e0006): file /build/firefox-3wnhso/firefox-84.0.2+build1/dom/media/MediaDecoderStateMachine.cpp:3471
1610739655967	Marionette	INFO	Stopped listening on port 33041
JavaScript error: resource://activity-stream/lib/ASRouter.jsm, line 987: NS_ERROR_ILLEGAL_VALUE: Component returned failure code: 0x80070057 (NS_ERROR_ILLEGAL_VALUE) [nsIObserverService.removeObserver]
1610740353959	mozrunner::runner	INFO	Running command: "/usr/bin/firefox" "-marionette" "-foreground" "-no-remote" "-profile" "/tmp/rust_mozprofile.EvqTXzSKUBs8"
console.warn: SearchSettings: "get: No settings file exists, new profile?" (new Error("", "(unknown module)"))
1610740359607	Marionette	INFO	Listening on port 33759
1610740359707	Marionette	WARN	TLS certificate errors will be ignored for this session
1610740364040	Marionette	WARN	Ignoring event 'DOMContentLoaded' because document has an invalid readyState of 'complete'.
[Child 104167, MediaDecoderStateMachine #1] WARNING: Decoder=7ff6530b3000 state=DECODING_METADATA Decode metadata failed, shutting down decoder: file /build/firefox-3wnhso/firefox-84.0.2+build1/dom/media/MediaDecoderStateMachine.cpp:376
[Child 104167, MediaDecoderStateMachine #1] WARNING: Decoder=7ff6530b3000 Decode error: NS_ERROR_DOM_MEDIA_METADATA_ERR (0x806e0006): file /build/firefox-3wnhso/firefox-84.0.2+build1/dom/media/MediaDecoderStateMachine.cpp:3471
[Child 104167, MediaDecoderStateMachine #1] WARNING: Decoder=7ff64b674000 state=DECODING_METADATA Decode metadata failed, shutting down decoder: file /build/firefox-3wnhso/firefox-84.0.2+build1/dom/media/MediaDecoderStateMachine.cpp:376
[Child 104167, MediaDecoderStateMachine #1] WARNING: Decoder=7ff64b674000 Decode error: NS_ERROR_DOM_MEDIA_METADATA_ERR (0x806e0006): file /build/firefox-3wnhso/firefox-84.0.2+build1/dom/media/MediaDecoderStateMachine.cpp:3471
1610740406980	mozrunner::runner	INFO	Running command: "/usr/bin/firefox" "-marionette" "-foreground" "-no-remote" "-profile" "/tmp/rust_mozprofile.wQbKDYoFUKDE"
console.warn: SearchSettings: "get: No settings file exists, new profile?" (new Error("", "(unknown module)"))
1610740412223	Marionette	INFO	Listening on port 41823
1610740412326	Marionette	WARN	TLS certificate errors will be ignored for this session
1610740416678	Marionette	WARN	Ignoring event 'DOMContentLoaded' because document has an invalid readyState of 'complete'.
[Child 104496, MediaDecoderStateMachine #1] WARNING: Decoder=7f4de16f4800 state=DECODING_METADATA Decode metadata failed, shutting down decoder: file /build/firefox-3wnhso/firefox-84.0.2+build1/dom/media/MediaDecoderStateMachine.cpp:376
[Child 104496, MediaDecoderStateMachine #1] WARNING: Decoder=7f4de16f4800 Decode error: NS_ERROR_DOM_MEDIA_METADATA_ERR (0x806e0006): file /build/firefox-3wnhso/firefox-84.0.2+build1/dom/media/MediaDecoderStateMachine.cpp:3471
[Child 104496, MediaDecoderStateMachine #1] WARNING: Decoder=7f4dcee31000 state=DECODING_METADATA Decode metadata failed, shutting down decoder: file /build/firefox-3wnhso/firefox-84.0.2+build1/dom/media/MediaDecoderStateMachine.cpp:376
[Child 104496, MediaDecoderStateMachine #1] WARNING: Decoder=7f4dcee31000 Decode error: NS_ERROR_DOM_MEDIA_METADATA_ERR (0x806e0006): file /build/firefox-3wnhso/firefox-84.0.2+build1/dom/media/MediaDecoderStateMachine.cpp:3471
[Child 104496, MediaDecoderStateMachine #1] WARNING: Decoder=7f4dd7e19c00 state=DECODING_METADATA Decode metadata failed, shutting down decoder: file /build/firefox-3wnhso/firefox-84.0.2+build1/dom/media/MediaDecoderStateMachine.cpp:376
[Child 104496, MediaDecoderStateMachine #1] WARNING: Decoder=7f4dd7e19c00 Decode error: NS_ERROR_DOM_MEDIA_METADATA_ERR (0x806e0006): file /build/firefox-3wnhso/firefox-84.0.2+build1/dom/media/MediaDecoderStateMachine.cpp:3471
1610740435983	Marionette	INFO	Stopped listening on port 41823
JavaScript error: resource://activity-stream/lib/ASRouter.jsm, line 987: NS_ERROR_ILLEGAL_VALUE: Component returned failure code: 0x80070057 (NS_ERROR_ILLEGAL_VALUE) [nsIObserverService.removeObserver]
1610741027275	Marionette	INFO	Stopped listening on port 33759
1610741512258	mozrunner::runner	INFO	Running command: "/usr/bin/firefox" "-marionette" "-foreground" "-no-remote" "-profile" "/tmp/rust_mozprofile.yiTg7yMn4JFb"
console.warn: SearchSettings: "get: No settings file exists, new profile?" (new Error("", "(unknown module)"))
1610741517510	Marionette	INFO	Listening on port 40379
1610741517611	Marionette	WARN	TLS certificate errors will be ignored for this session
1610741522067	Marionette	WARN	Ignoring event 'DOMContentLoaded' because document has an invalid readyState of 'complete'.
[Child 105282, MediaDecoderStateMachine #1] WARNING: Decoder=7faa60ca3000 state=DECODING_METADATA Decode metadata failed, shutting down decoder: file /build/firefox-3wnhso/firefox-84.0.2+build1/dom/media/MediaDecoderStateMachine.cpp:376
[Child 105282, MediaDecoderStateMachine #1] WARNING: Decoder=7faa60ca3000 Decode error: NS_ERROR_DOM_MEDIA_METADATA_ERR (0x806e0006): file /build/firefox-3wnhso/firefox-84.0.2+build1/dom/media/MediaDecoderStateMachine.cpp:3471
[Child 105282, MediaDecoderStateMachine #1] WARNING: Decoder=7faa60ca4000 state=DECODING_METADATA Decode metadata failed, shutting down decoder: file /build/firefox-3wnhso/firefox-84.0.2+build1/dom/media/MediaDecoderStateMachine.cpp:376
[Child 105282, MediaDecoderStateMachine #1] WARNING: Decoder=7faa60ca4000 Decode error: NS_ERROR_DOM_MEDIA_METADATA_ERR (0x806e0006): file /build/firefox-3wnhso/firefox-84.0.2+build1/dom/media/MediaDecoderStateMachine.cpp:3471
[Child 105282, MediaDecoderStateMachine #1] WARNING: Decoder=7faa60ca4800 state=DECODING_METADATA Decode metadata failed, shutting down decoder: file /build/firefox-3wnhso/firefox-84.0.2+build1/dom/media/MediaDecoderStateMachine.cpp:376
[Child 105282, MediaDecoderStateMachine #1] WARNING: Decoder=7faa60ca4800 Decode error: NS_ERROR_DOM_MEDIA_METADATA_ERR (0x806e0006): file /build/firefox-3wnhso/firefox-84.0.2+build1/dom/media/MediaDecoderStateMachine.cpp:3471
[Child 105282, MediaDecoderStateMachine #1] WARNING: Decoder=7faa60ca4c00 state=DECODING_METADATA Decode metadata failed, shutting down decoder: file /build/firefox-3wnhso/firefox-84.0.2+build1/dom/media/MediaDecoderStateMachine.cpp:376
[Child 105282, MediaDecoderStateMachine #1] WARNING: Decoder=7faa60ca4c00 Decode error: NS_ERROR_DOM_MEDIA_METADATA_ERR (0x806e0006): file /build/firefox-3wnhso/firefox-84.0.2+build1/dom/media/MediaDecoderStateMachine.cpp:3471
[Child 105282, MediaDecoderStateMachine #1] WARNING: Decoder=7faa60c9b400 state=DECODING_METADATA Decode metadata failed, shutting down decoder: file /build/firefox-3wnhso/firefox-84.0.2+build1/dom/media/MediaDecoderStateMachine.cpp:376
[Child 105282, MediaDecoderStateMachine #1] WARNING: Decoder=7faa60c9b400 Decode error: NS_ERROR_DOM_MEDIA_METADATA_ERR (0x806e0006): file /build/firefox-3wnhso/firefox-84.0.2+build1/dom/media/MediaDecoderStateMachine.cpp:3471
[Child 105282, MediaDecoderStateMachine #1] WARNING: Decoder=7faa60ca0c00 state=DECODING_METADATA Decode metadata failed, shutting down decoder: file /build/firefox-3wnhso/firefox-84.0.2+build1/dom/media/MediaDecoderStateMachine.cpp:376
[Child 105282, MediaDecoderStateMachine #1] WARNING: Decoder=7faa60ca0c00 Decode error: NS_ERROR_DOM_MEDIA_METADATA_ERR (0x806e0006): file /build/firefox-3wnhso/firefox-84.0.2+build1/dom/media/MediaDecoderStateMachine.cpp:3471
1610741897456	mozrunner::runner	INFO	Running command: "/usr/bin/firefox" "-marionette" "-foreground" "-no-remote" "-profile" "/tmp/rust_mozprofile.vvzyrhmKbyTS"
console.warn: SearchSettings: "get: No settings file exists, new profile?" (new Error("", "(unknown module)"))
1610741903196	Marionette	INFO	Listening on port 41021
1610741903305	Marionette	WARN	TLS certificate errors will be ignored for this session
1610741907125	Marionette	WARN	Ignoring event 'DOMContentLoaded' because document has an invalid readyState of 'complete'.
[Child 105746, MediaDecoderStateMachine #1] WARNING: Decoder=7f1fc88f8800 state=DECODING_METADATA Decode metadata failed, shutting down decoder: file /build/firefox-3wnhso/firefox-84.0.2+build1/dom/media/MediaDecoderStateMachine.cpp:376
[Child 105746, MediaDecoderStateMachine #1] WARNING: Decoder=7f1fc88f8800 Decode error: NS_ERROR_DOM_MEDIA_METADATA_ERR (0x806e0006): file /build/firefox-3wnhso/firefox-84.0.2+build1/dom/media/MediaDecoderStateMachine.cpp:3471
1610741920212	Marionette	INFO	Stopped listening on port 41021
JavaScript error: resource://activity-stream/lib/ASRouter.jsm, line 987: NS_ERROR_ILLEGAL_VALUE: Component returned failure code: 0x80070057 (NS_ERROR_ILLEGAL_VALUE) [nsIObserverService.removeObserver]
1610741935263	mozrunner::runner	INFO	Running command: "/usr/bin/firefox" "-marionette" "-foreground" "-no-remote" "-profile" "/tmp/rust_mozprofile.leileF2mq6O0"
console.warn: SearchSettings: "get: No settings file exists, new profile?" (new Error("", "(unknown module)"))
1610741940325	Marionette	INFO	Listening on port 40531
1610741940411	Marionette	WARN	TLS certificate errors will be ignored for this session
1610741945039	Marionette	WARN	Ignoring event 'DOMContentLoaded' because document has an invalid readyState of 'complete'.
[Child 106078, MediaDecoderStateMachine #1] WARNING: Decoder=7ff082d8f000 state=DECODING_METADATA Decode metadata failed, shutting down decoder: file /build/firefox-3wnhso/firefox-84.0.2+build1/dom/media/MediaDecoderStateMachine.cpp:376
[Child 106078, MediaDecoderStateMachine #1] WARNING: Decoder=7ff082d8f000 Decode error: NS_ERROR_DOM_MEDIA_METADATA_ERR (0x806e0006): file /build/firefox-3wnhso/firefox-84.0.2+build1/dom/media/MediaDecoderStateMachine.cpp:3471
JavaScript error: resource://activity-stream/lib/ASRouter.jsm, line 987: NS_ERROR_ILLEGAL_VALUE: Component returned failure code: 0x80070057 (NS_ERROR_ILLEGAL_VALUE) [nsIObserverService.removeObserver]
1610743620984	Marionette	INFO	Stopped listening on port 40531
1610743624044	Marionette	INFO	Stopped listening on port 40379
1610743960517	mozrunner::runner	INFO	Running command: "/usr/bin/firefox" "-marionette" "-foreground" "-no-remote" "-profile" "/tmp/rust_mozprofile.oxyVxAbCMWjm"
console.warn: SearchSettings: "get: No settings file exists, new profile?" (new Error("", "(unknown module)"))
1610743967866	Marionette	INFO	Listening on port 35361
1610743968170	Marionette	WARN	TLS certificate errors will be ignored for this session
1610743975599	Marionette	WARN	Ignoring event 'DOMContentLoaded' because document has an invalid readyState of 'complete'.
1610744033117	Marionette	INFO	Stopped listening on port 35361
1610744145141	mozrunner::runner	INFO	Running command: "/usr/bin/firefox" "-marionette" "-foreground" "-no-remote" "-profile" "/tmp/rust_mozprofile.Xa7Vcu1PJ7b8"
console.warn: SearchSettings: "get: No settings file exists, new profile?" (new Error("", "(unknown module)"))
1610744152204	Marionette	INFO	Listening on port 33961
1610744152298	Marionette	WARN	TLS certificate errors will be ignored for this session
1610744156566	Marionette	WARN	Ignoring event 'DOMContentLoaded' because document has an invalid readyState of 'complete'.
[Child 107993, MediaDecoderStateMachine #1] WARNING: Decoder=7fd82514fc00 state=DECODING_METADATA Decode metadata failed, shutting down decoder: file /build/firefox-3wnhso/firefox-84.0.2+build1/dom/media/MediaDecoderStateMachine.cpp:376
[Child 107993, MediaDecoderStateMachine #1] WARNING: Decoder=7fd82514fc00 Decode error: NS_ERROR_DOM_MEDIA_METADATA_ERR (0x806e0006): file /build/firefox-3wnhso/firefox-84.0.2+build1/dom/media/MediaDecoderStateMachine.cpp:3471
[Child 107993, MediaDecoderStateMachine #1] WARNING: Decoder=7fd81bf81800 state=DECODING_METADATA Decode metadata failed, shutting down decoder: file /build/firefox-3wnhso/firefox-84.0.2+build1/dom/media/MediaDecoderStateMachine.cpp:376
[Child 107993, MediaDecoderStateMachine #1] WARNING: Decoder=7fd81bf81800 Decode error: NS_ERROR_DOM_MEDIA_METADATA_ERR (0x806e0006): file /build/firefox-3wnhso/firefox-84.0.2+build1/dom/media/MediaDecoderStateMachine.cpp:3471
[Child 107993, MediaDecoderStateMachine #1] WARNING: Decoder=7fd81bf7f800 state=DECODING_METADATA Decode metadata failed, shutting down decoder: file /build/firefox-3wnhso/firefox-84.0.2+build1/dom/media/MediaDecoderStateMachine.cpp:376
[Child 107993, MediaDecoderStateMachine #1] WARNING: Decoder=7fd81bf7f800 Decode error: NS_ERROR_DOM_MEDIA_METADATA_ERR (0x806e0006): file /build/firefox-3wnhso/firefox-84.0.2+build1/dom/media/MediaDecoderStateMachine.cpp:3471
[Child 107993, MediaDecoderStateMachine #1] WARNING: Decoder=7fd823a19000 state=DECODING_METADATA Decode metadata failed, shutting down decoder: file /build/firefox-3wnhso/firefox-84.0.2+build1/dom/media/MediaDecoderStateMachine.cpp:376
[Child 107993, MediaDecoderStateMachine #1] WARNING: Decoder=7fd823a19000 Decode error: NS_ERROR_DOM_MEDIA_METADATA_ERR (0x806e0006): file /build/firefox-3wnhso/firefox-84.0.2+build1/dom/media/MediaDecoderStateMachine.cpp:3471
JavaScript error: resource://activity-stream/lib/ASRouter.jsm, line 987: NS_ERROR_ILLEGAL_VALUE: Component returned failure code: 0x80070057 (NS_ERROR_ILLEGAL_VALUE) [nsIObserverService.removeObserver]
1610744182484	Marionette	INFO	Stopped listening on port 33961

###!!! [Parent][RunMessage] Error: Channel closing: too late to send/recv, messages will be lost

